mode: set
gopkg.in/couchbase/gocb.v1/jsontime.go:10.68,13.16 3 0
gopkg.in/couchbase/gocb.v1/jsontime.go:16.2,17.12 2 0
gopkg.in/couchbase/gocb.v1/jsontime.go:13.16,15.3 1 0
gopkg.in/couchbase/gocb.v1/jsontime.go:20.64,23.2 2 0
gopkg.in/couchbase/gocb.v1/logging.go:41.50,45.2 0 0
gopkg.in/couchbase/gocb.v1/logging.go:66.102,68.2 1 1
gopkg.in/couchbase/gocb.v1/logging.go:72.34,76.2 1 0
gopkg.in/couchbase/gocb.v1/logging.go:82.34,86.2 1 1
gopkg.in/couchbase/gocb.v1/logging.go:92.107,94.2 1 1
gopkg.in/couchbase/gocb.v1/logging.go:96.51,98.18 2 1
gopkg.in/couchbase/gocb.v1/logging.go:102.2,104.3 1 1
gopkg.in/couchbase/gocb.v1/logging.go:98.18,100.3 1 0
gopkg.in/couchbase/gocb.v1/logging.go:110.31,113.2 2 1
gopkg.in/couchbase/gocb.v1/logging.go:115.74,116.25 1 1
gopkg.in/couchbase/gocb.v1/logging.go:116.25,118.17 2 1
gopkg.in/couchbase/gocb.v1/logging.go:118.17,120.4 1 0
gopkg.in/couchbase/gocb.v1/logging.go:124.48,126.2 1 0
gopkg.in/couchbase/gocb.v1/logging.go:128.49,130.2 1 1
gopkg.in/couchbase/gocb.v1/logging.go:132.49,134.2 1 0
gopkg.in/couchbase/gocb.v1/logging.go:136.48,138.2 1 0
gopkg.in/couchbase/gocb.v1/logging.go:140.49,142.2 1 0
gopkg.in/couchbase/gocb.v1/logging.go:144.49,147.2 2 0
gopkg.in/couchbase/gocb.v1/clustermgr_searchindex.go:66.140,68.19 2 0
gopkg.in/couchbase/gocb.v1/clustermgr_searchindex.go:72.2,73.16 2 0
gopkg.in/couchbase/gocb.v1/clustermgr_searchindex.go:77.2,78.16 2 0
gopkg.in/couchbase/gocb.v1/clustermgr_searchindex.go:82.2,86.16 2 0
gopkg.in/couchbase/gocb.v1/clustermgr_searchindex.go:90.2,92.16 3 0
gopkg.in/couchbase/gocb.v1/clustermgr_searchindex.go:96.2,96.23 1 0
gopkg.in/couchbase/gocb.v1/clustermgr_searchindex.go:100.2,100.24 1 0
gopkg.in/couchbase/gocb.v1/clustermgr_searchindex.go:103.2,103.21 1 0
gopkg.in/couchbase/gocb.v1/clustermgr_searchindex.go:107.2,107.31 1 0
gopkg.in/couchbase/gocb.v1/clustermgr_searchindex.go:68.19,70.3 1 0
gopkg.in/couchbase/gocb.v1/clustermgr_searchindex.go:73.16,75.3 1 0
gopkg.in/couchbase/gocb.v1/clustermgr_searchindex.go:78.16,80.3 1 0
gopkg.in/couchbase/gocb.v1/clustermgr_searchindex.go:86.16,88.3 1 0
gopkg.in/couchbase/gocb.v1/clustermgr_searchindex.go:92.16,94.3 1 0
gopkg.in/couchbase/gocb.v1/clustermgr_searchindex.go:96.23,98.3 1 0
gopkg.in/couchbase/gocb.v1/clustermgr_searchindex.go:100.24,102.3 1 0
gopkg.in/couchbase/gocb.v1/clustermgr_searchindex.go:103.21,105.3 1 0
gopkg.in/couchbase/gocb.v1/clustermgr_searchindex.go:111.80,113.16 2 0
gopkg.in/couchbase/gocb.v1/clustermgr_searchindex.go:117.2,120.16 4 0
gopkg.in/couchbase/gocb.v1/clustermgr_searchindex.go:124.2,125.16 2 0
gopkg.in/couchbase/gocb.v1/clustermgr_searchindex.go:129.2,131.34 3 0
gopkg.in/couchbase/gocb.v1/clustermgr_searchindex.go:135.2,135.21 1 0
gopkg.in/couchbase/gocb.v1/clustermgr_searchindex.go:113.16,115.3 1 0
gopkg.in/couchbase/gocb.v1/clustermgr_searchindex.go:120.16,122.3 1 0
gopkg.in/couchbase/gocb.v1/clustermgr_searchindex.go:125.16,127.3 1 0
gopkg.in/couchbase/gocb.v1/clustermgr_searchindex.go:131.34,133.3 1 0
gopkg.in/couchbase/gocb.v1/clustermgr_searchindex.go:139.90,142.16 3 0
gopkg.in/couchbase/gocb.v1/clustermgr_searchindex.go:146.2,147.16 2 0
gopkg.in/couchbase/gocb.v1/clustermgr_searchindex.go:151.2,154.16 4 0
gopkg.in/couchbase/gocb.v1/clustermgr_searchindex.go:158.2,159.16 2 0
gopkg.in/couchbase/gocb.v1/clustermgr_searchindex.go:163.2,163.32 1 0
gopkg.in/couchbase/gocb.v1/clustermgr_searchindex.go:142.16,144.3 1 0
gopkg.in/couchbase/gocb.v1/clustermgr_searchindex.go:147.16,149.3 1 0
gopkg.in/couchbase/gocb.v1/clustermgr_searchindex.go:154.16,156.3 1 0
gopkg.in/couchbase/gocb.v1/clustermgr_searchindex.go:159.16,161.3 1 0
gopkg.in/couchbase/gocb.v1/clustermgr_searchindex.go:167.88,169.16 2 1
gopkg.in/couchbase/gocb.v1/clustermgr_searchindex.go:173.2,175.16 3 0
gopkg.in/couchbase/gocb.v1/clustermgr_searchindex.go:179.2,181.16 3 0
gopkg.in/couchbase/gocb.v1/clustermgr_searchindex.go:185.2,186.16 2 0
gopkg.in/couchbase/gocb.v1/clustermgr_searchindex.go:193.2,194.16 2 0
gopkg.in/couchbase/gocb.v1/clustermgr_searchindex.go:198.2,198.12 1 0
gopkg.in/couchbase/gocb.v1/clustermgr_searchindex.go:169.16,171.3 1 1
gopkg.in/couchbase/gocb.v1/clustermgr_searchindex.go:175.16,177.3 1 0
gopkg.in/couchbase/gocb.v1/clustermgr_searchindex.go:181.16,183.3 1 0
gopkg.in/couchbase/gocb.v1/clustermgr_searchindex.go:186.16,187.53 1 0
gopkg.in/couchbase/gocb.v1/clustermgr_searchindex.go:190.3,190.13 1 0
gopkg.in/couchbase/gocb.v1/clustermgr_searchindex.go:187.53,189.4 1 0
gopkg.in/couchbase/gocb.v1/clustermgr_searchindex.go:194.16,196.3 1 0
gopkg.in/couchbase/gocb.v1/clustermgr_searchindex.go:202.76,205.16 3 0
gopkg.in/couchbase/gocb.v1/clustermgr_searchindex.go:209.2,210.16 2 0
gopkg.in/couchbase/gocb.v1/clustermgr_searchindex.go:214.2,215.16 2 0
gopkg.in/couchbase/gocb.v1/clustermgr_searchindex.go:219.2,220.16 2 0
gopkg.in/couchbase/gocb.v1/clustermgr_searchindex.go:224.2,224.21 1 0
gopkg.in/couchbase/gocb.v1/clustermgr_searchindex.go:205.16,207.3 1 0
gopkg.in/couchbase/gocb.v1/clustermgr_searchindex.go:210.16,212.3 1 0
gopkg.in/couchbase/gocb.v1/clustermgr_searchindex.go:215.16,217.3 1 0
gopkg.in/couchbase/gocb.v1/clustermgr_searchindex.go:220.16,222.3 1 0
gopkg.in/couchbase/gocb.v1/clustermgr_searchindex.go:228.87,231.16 3 0
gopkg.in/couchbase/gocb.v1/clustermgr_searchindex.go:235.2,236.16 2 0
gopkg.in/couchbase/gocb.v1/clustermgr_searchindex.go:240.2,246.16 4 0
gopkg.in/couchbase/gocb.v1/clustermgr_searchindex.go:250.2,251.16 2 0
gopkg.in/couchbase/gocb.v1/clustermgr_searchindex.go:255.2,255.25 1 0
gopkg.in/couchbase/gocb.v1/clustermgr_searchindex.go:231.16,233.3 1 0
gopkg.in/couchbase/gocb.v1/clustermgr_searchindex.go:236.16,238.3 1 0
gopkg.in/couchbase/gocb.v1/clustermgr_searchindex.go:246.16,248.3 1 0
gopkg.in/couchbase/gocb.v1/clustermgr_searchindex.go:251.16,253.3 1 0
gopkg.in/couchbase/gocb.v1/clustermgr_searchindex.go:259.93,260.85 1 1
gopkg.in/couchbase/gocb.v1/clustermgr_searchindex.go:264.2,266.16 3 0
gopkg.in/couchbase/gocb.v1/clustermgr_searchindex.go:270.2,271.16 2 0
gopkg.in/couchbase/gocb.v1/clustermgr_searchindex.go:275.2,276.16 2 0
gopkg.in/couchbase/gocb.v1/clustermgr_searchindex.go:280.2,281.16 2 0
gopkg.in/couchbase/gocb.v1/clustermgr_searchindex.go:285.2,285.21 1 0
gopkg.in/couchbase/gocb.v1/clustermgr_searchindex.go:260.85,262.3 1 1
gopkg.in/couchbase/gocb.v1/clustermgr_searchindex.go:266.16,268.3 1 0
gopkg.in/couchbase/gocb.v1/clustermgr_searchindex.go:271.16,273.3 1 0
gopkg.in/couchbase/gocb.v1/clustermgr_searchindex.go:276.16,278.3 1 0
gopkg.in/couchbase/gocb.v1/clustermgr_searchindex.go:281.16,283.3 1 0
gopkg.in/couchbase/gocb.v1/clustermgr_searchindex.go:289.92,290.83 1 1
gopkg.in/couchbase/gocb.v1/clustermgr_searchindex.go:294.2,296.16 3 0
gopkg.in/couchbase/gocb.v1/clustermgr_searchindex.go:300.2,301.16 2 0
gopkg.in/couchbase/gocb.v1/clustermgr_searchindex.go:305.2,306.16 2 0
gopkg.in/couchbase/gocb.v1/clustermgr_searchindex.go:310.2,311.16 2 0
gopkg.in/couchbase/gocb.v1/clustermgr_searchindex.go:315.2,315.21 1 0
gopkg.in/couchbase/gocb.v1/clustermgr_searchindex.go:290.83,292.3 1 1
gopkg.in/couchbase/gocb.v1/clustermgr_searchindex.go:296.16,298.3 1 0
gopkg.in/couchbase/gocb.v1/clustermgr_searchindex.go:301.16,303.3 1 0
gopkg.in/couchbase/gocb.v1/clustermgr_searchindex.go:306.16,308.3 1 0
gopkg.in/couchbase/gocb.v1/clustermgr_searchindex.go:311.16,313.3 1 0
gopkg.in/couchbase/gocb.v1/clustermgr_searchindex.go:319.94,320.93 1 1
gopkg.in/couchbase/gocb.v1/clustermgr_searchindex.go:324.2,326.16 3 0
gopkg.in/couchbase/gocb.v1/clustermgr_searchindex.go:330.2,331.16 2 0
gopkg.in/couchbase/gocb.v1/clustermgr_searchindex.go:335.2,336.16 2 0
gopkg.in/couchbase/gocb.v1/clustermgr_searchindex.go:340.2,341.16 2 0
gopkg.in/couchbase/gocb.v1/clustermgr_searchindex.go:345.2,345.21 1 0
gopkg.in/couchbase/gocb.v1/clustermgr_searchindex.go:320.93,322.3 1 1
gopkg.in/couchbase/gocb.v1/clustermgr_searchindex.go:326.16,328.3 1 0
gopkg.in/couchbase/gocb.v1/clustermgr_searchindex.go:331.16,333.3 1 0
gopkg.in/couchbase/gocb.v1/clustermgr_searchindex.go:336.16,338.3 1 0
gopkg.in/couchbase/gocb.v1/clustermgr_searchindex.go:341.16,343.3 1 0
gopkg.in/couchbase/gocb.v1/clustermgr_searchindex.go:349.72,351.16 2 0
gopkg.in/couchbase/gocb.v1/clustermgr_searchindex.go:355.2,356.16 2 0
gopkg.in/couchbase/gocb.v1/clustermgr_searchindex.go:360.2,363.16 4 0
gopkg.in/couchbase/gocb.v1/clustermgr_searchindex.go:367.2,368.16 2 0
gopkg.in/couchbase/gocb.v1/clustermgr_searchindex.go:372.2,372.19 1 0
gopkg.in/couchbase/gocb.v1/clustermgr_searchindex.go:351.16,353.3 1 0
gopkg.in/couchbase/gocb.v1/clustermgr_searchindex.go:356.16,358.3 1 0
gopkg.in/couchbase/gocb.v1/clustermgr_searchindex.go:363.16,365.3 1 0
gopkg.in/couchbase/gocb.v1/clustermgr_searchindex.go:368.16,370.3 1 0
gopkg.in/couchbase/gocb.v1/clustermgr_searchindex.go:376.85,379.16 3 0
gopkg.in/couchbase/gocb.v1/clustermgr_searchindex.go:383.2,384.16 2 0
gopkg.in/couchbase/gocb.v1/clustermgr_searchindex.go:388.2,391.16 4 0
gopkg.in/couchbase/gocb.v1/clustermgr_searchindex.go:395.2,396.16 2 0
gopkg.in/couchbase/gocb.v1/clustermgr_searchindex.go:400.2,400.19 1 0
gopkg.in/couchbase/gocb.v1/clustermgr_searchindex.go:379.16,381.3 1 0
gopkg.in/couchbase/gocb.v1/clustermgr_searchindex.go:384.16,386.3 1 0
gopkg.in/couchbase/gocb.v1/clustermgr_searchindex.go:391.16,393.3 1 0
gopkg.in/couchbase/gocb.v1/clustermgr_searchindex.go:396.16,398.3 1 0
gopkg.in/couchbase/gocb.v1/clustermgr_searchindex.go:404.80,406.16 2 0
gopkg.in/couchbase/gocb.v1/clustermgr_searchindex.go:410.2,411.16 2 0
gopkg.in/couchbase/gocb.v1/clustermgr_searchindex.go:415.2,421.16 4 0
gopkg.in/couchbase/gocb.v1/clustermgr_searchindex.go:425.2,426.16 2 0
gopkg.in/couchbase/gocb.v1/clustermgr_searchindex.go:430.2,430.27 1 0
gopkg.in/couchbase/gocb.v1/clustermgr_searchindex.go:406.16,408.3 1 0
gopkg.in/couchbase/gocb.v1/clustermgr_searchindex.go:411.16,413.3 1 0
gopkg.in/couchbase/gocb.v1/clustermgr_searchindex.go:421.16,423.3 1 0
gopkg.in/couchbase/gocb.v1/clustermgr_searchindex.go:426.16,428.3 1 0
gopkg.in/couchbase/gocb.v1/clustermgr_searchindex.go:434.94,437.16 3 0
gopkg.in/couchbase/gocb.v1/clustermgr_searchindex.go:441.2,442.16 2 0
gopkg.in/couchbase/gocb.v1/clustermgr_searchindex.go:446.2,452.16 4 0
gopkg.in/couchbase/gocb.v1/clustermgr_searchindex.go:456.2,457.16 2 0
gopkg.in/couchbase/gocb.v1/clustermgr_searchindex.go:461.2,461.25 1 0
gopkg.in/couchbase/gocb.v1/clustermgr_searchindex.go:437.16,439.3 1 0
gopkg.in/couchbase/gocb.v1/clustermgr_searchindex.go:442.16,444.3 1 0
gopkg.in/couchbase/gocb.v1/clustermgr_searchindex.go:452.16,454.3 1 0
gopkg.in/couchbase/gocb.v1/clustermgr_searchindex.go:457.16,459.3 1 0
gopkg.in/couchbase/gocb.v1/clustermgr_searchindex.go:465.102,468.16 3 0
gopkg.in/couchbase/gocb.v1/clustermgr_searchindex.go:472.2,473.16 2 0
gopkg.in/couchbase/gocb.v1/clustermgr_searchindex.go:477.2,483.16 4 0
gopkg.in/couchbase/gocb.v1/clustermgr_searchindex.go:487.2,488.16 2 0
gopkg.in/couchbase/gocb.v1/clustermgr_searchindex.go:492.2,492.25 1 0
gopkg.in/couchbase/gocb.v1/clustermgr_searchindex.go:468.16,470.3 1 0
gopkg.in/couchbase/gocb.v1/clustermgr_searchindex.go:473.16,475.3 1 0
gopkg.in/couchbase/gocb.v1/clustermgr_searchindex.go:483.16,485.3 1 0
gopkg.in/couchbase/gocb.v1/clustermgr_searchindex.go:488.16,490.3 1 0
gopkg.in/couchbase/gocb.v1/clustermgr_searchindex.go:496.111,497.19 1 1
gopkg.in/couchbase/gocb.v1/clustermgr_searchindex.go:501.2,503.10 2 1
gopkg.in/couchbase/gocb.v1/clustermgr_searchindex.go:497.19,499.3 1 1
gopkg.in/couchbase/gocb.v1/clustermgr_searchindex.go:506.57,507.51 1 1
gopkg.in/couchbase/gocb.v1/clustermgr_searchindex.go:510.2,510.51 1 1
gopkg.in/couchbase/gocb.v1/clustermgr_searchindex.go:513.2,513.63 1 1
gopkg.in/couchbase/gocb.v1/clustermgr_searchindex.go:516.2,517.131 2 1
gopkg.in/couchbase/gocb.v1/clustermgr_searchindex.go:521.2,521.12 1 0
gopkg.in/couchbase/gocb.v1/clustermgr_searchindex.go:507.51,509.3 1 1
gopkg.in/couchbase/gocb.v1/clustermgr_searchindex.go:510.51,512.3 1 1
gopkg.in/couchbase/gocb.v1/clustermgr_searchindex.go:513.63,515.3 1 1
gopkg.in/couchbase/gocb.v1/clustermgr_searchindex.go:517.131,519.3 1 1
gopkg.in/couchbase/gocb.v1/clustermgr_searchindex.go:524.89,530.16 4 0
gopkg.in/couchbase/gocb.v1/clustermgr_searchindex.go:534.2,534.36 1 0
gopkg.in/couchbase/gocb.v1/clustermgr_searchindex.go:530.16,532.3 1 0
gopkg.in/couchbase/gocb.v1/clustermgr_searchindex.go:539.81,540.28 1 0
gopkg.in/couchbase/gocb.v1/clustermgr_searchindex.go:553.2,553.12 1 0
gopkg.in/couchbase/gocb.v1/clustermgr_searchindex.go:540.28,542.17 2 0
gopkg.in/couchbase/gocb.v1/clustermgr_searchindex.go:546.3,547.17 2 0
gopkg.in/couchbase/gocb.v1/clustermgr_searchindex.go:550.3,550.35 1 0
gopkg.in/couchbase/gocb.v1/clustermgr_searchindex.go:542.17,544.4 1 0
gopkg.in/couchbase/gocb.v1/clustermgr_searchindex.go:547.17,549.4 1 0
gopkg.in/couchbase/gocb.v1/bucket_analyticsquery.go:10.85,17.2 4 0
gopkg.in/couchbase/gocb.v1/bucket_internal.go:16.80,21.2 3 0
gopkg.in/couchbase/gocb.v1/bucket_internal.go:25.68,32.2 4 0
gopkg.in/couchbase/gocb.v1/bucket_internal.go:36.68,43.2 4 0
gopkg.in/couchbase/gocb.v1/bucket_internal.go:46.66,50.52 2 0
gopkg.in/couchbase/gocb.v1/bucket_internal.go:60.2,60.16 1 0
gopkg.in/couchbase/gocb.v1/bucket_internal.go:64.2,64.8 1 0
gopkg.in/couchbase/gocb.v1/bucket_internal.go:50.52,51.17 1 0
gopkg.in/couchbase/gocb.v1/bucket_internal.go:58.3,58.20 1 0
gopkg.in/couchbase/gocb.v1/bucket_internal.go:51.17,54.18 3 0
gopkg.in/couchbase/gocb.v1/bucket_internal.go:54.18,56.5 1 0
gopkg.in/couchbase/gocb.v1/bucket_internal.go:60.16,62.3 1 0
gopkg.in/couchbase/gocb.v1/bucket_internal.go:68.110,81.50 2 0
gopkg.in/couchbase/gocb.v1/bucket_internal.go:88.2,88.16 1 0
gopkg.in/couchbase/gocb.v1/bucket_internal.go:91.2,91.8 1 0
gopkg.in/couchbase/gocb.v1/bucket_internal.go:81.50,82.17 1 0
gopkg.in/couchbase/gocb.v1/bucket_internal.go:86.3,86.20 1 0
gopkg.in/couchbase/gocb.v1/bucket_internal.go:82.17,85.4 2 0
gopkg.in/couchbase/gocb.v1/bucket_internal.go:88.16,90.3 1 0
gopkg.in/couchbase/gocb.v1/bucket_internal.go:95.110,108.53 2 0
gopkg.in/couchbase/gocb.v1/bucket_internal.go:115.2,115.16 1 0
gopkg.in/couchbase/gocb.v1/bucket_internal.go:118.2,118.8 1 0
gopkg.in/couchbase/gocb.v1/bucket_internal.go:108.53,109.17 1 0
gopkg.in/couchbase/gocb.v1/bucket_internal.go:113.3,113.20 1 0
gopkg.in/couchbase/gocb.v1/bucket_internal.go:109.17,112.4 2 0
gopkg.in/couchbase/gocb.v1/bucket_internal.go:115.16,117.3 1 0
gopkg.in/couchbase/gocb.v1/cluster_searchquery.go:98.52,100.2 1 0
gopkg.in/couchbase/gocb.v1/cluster_searchquery.go:101.42,103.2 1 0
gopkg.in/couchbase/gocb.v1/cluster_searchquery.go:104.40,106.2 1 0
gopkg.in/couchbase/gocb.v1/cluster_searchquery.go:107.49,109.2 1 0
gopkg.in/couchbase/gocb.v1/cluster_searchquery.go:110.62,112.2 1 0
gopkg.in/couchbase/gocb.v1/cluster_searchquery.go:113.45,115.2 1 0
gopkg.in/couchbase/gocb.v1/cluster_searchquery.go:116.43,118.2 1 0
gopkg.in/couchbase/gocb.v1/cluster_searchquery.go:125.38,127.2 1 0
gopkg.in/couchbase/gocb.v1/cluster_searchquery.go:129.40,131.2 1 0
gopkg.in/couchbase/gocb.v1/cluster_searchquery.go:134.117,141.14 6 0
gopkg.in/couchbase/gocb.v1/cluster_searchquery.go:164.2,169.16 5 0
gopkg.in/couchbase/gocb.v1/cluster_searchquery.go:173.2,175.16 3 0
gopkg.in/couchbase/gocb.v1/cluster_searchquery.go:179.2,180.26 2 0
gopkg.in/couchbase/gocb.v1/cluster_searchquery.go:187.2,188.28 2 0
gopkg.in/couchbase/gocb.v1/cluster_searchquery.go:197.2,198.16 2 0
gopkg.in/couchbase/gocb.v1/cluster_searchquery.go:202.2,203.16 2 0
gopkg.in/couchbase/gocb.v1/cluster_searchquery.go:207.2,207.20 1 0
gopkg.in/couchbase/gocb.v1/cluster_searchquery.go:214.2,217.55 4 0
gopkg.in/couchbase/gocb.v1/cluster_searchquery.go:270.2,270.17 1 0
gopkg.in/couchbase/gocb.v1/cluster_searchquery.go:141.14,142.34 1 0
gopkg.in/couchbase/gocb.v1/cluster_searchquery.go:148.3,148.16 1 0
gopkg.in/couchbase/gocb.v1/cluster_searchquery.go:142.34,144.4 1 0
gopkg.in/couchbase/gocb.v1/cluster_searchquery.go:144.9,146.4 1 0
gopkg.in/couchbase/gocb.v1/cluster_searchquery.go:149.8,150.20 1 0
gopkg.in/couchbase/gocb.v1/cluster_searchquery.go:154.3,155.17 2 0
gopkg.in/couchbase/gocb.v1/cluster_searchquery.go:159.3,161.19 2 0
gopkg.in/couchbase/gocb.v1/cluster_searchquery.go:150.20,151.80 1 0
gopkg.in/couchbase/gocb.v1/cluster_searchquery.go:155.17,157.4 1 0
gopkg.in/couchbase/gocb.v1/cluster_searchquery.go:169.16,171.3 1 0
gopkg.in/couchbase/gocb.v1/cluster_searchquery.go:175.16,177.3 1 0
gopkg.in/couchbase/gocb.v1/cluster_searchquery.go:180.26,182.17 2 0
gopkg.in/couchbase/gocb.v1/cluster_searchquery.go:182.17,184.4 1 0
gopkg.in/couchbase/gocb.v1/cluster_searchquery.go:188.28,190.17 2 0
gopkg.in/couchbase/gocb.v1/cluster_searchquery.go:193.3,193.57 1 0
gopkg.in/couchbase/gocb.v1/cluster_searchquery.go:190.17,192.4 1 0
gopkg.in/couchbase/gocb.v1/cluster_searchquery.go:193.57,195.4 1 0
gopkg.in/couchbase/gocb.v1/cluster_searchquery.go:198.16,200.3 1 0
gopkg.in/couchbase/gocb.v1/cluster_searchquery.go:203.16,205.3 1 0
gopkg.in/couchbase/gocb.v1/cluster_searchquery.go:207.20,209.17 2 0
gopkg.in/couchbase/gocb.v1/cluster_searchquery.go:209.17,211.4 1 0
gopkg.in/couchbase/gocb.v1/cluster_searchquery.go:217.55,220.17 3 0
gopkg.in/couchbase/gocb.v1/cluster_searchquery.go:225.3,225.15 1 0
gopkg.in/couchbase/gocb.v1/cluster_searchquery.go:253.3,254.17 2 0
gopkg.in/couchbase/gocb.v1/cluster_searchquery.go:258.3,259.46 2 0
gopkg.in/couchbase/gocb.v1/cluster_searchquery.go:263.3,263.39 1 0
gopkg.in/couchbase/gocb.v1/cluster_searchquery.go:267.3,267.50 1 0
gopkg.in/couchbase/gocb.v1/cluster_searchquery.go:220.17,222.4 1 0
gopkg.in/couchbase/gocb.v1/cluster_searchquery.go:225.15,226.21 1 0
gopkg.in/couchbase/gocb.v1/cluster_searchquery.go:226.21,232.19 2 0
gopkg.in/couchbase/gocb.v1/cluster_searchquery.go:232.19,234.6 1 0
gopkg.in/couchbase/gocb.v1/cluster_searchquery.go:235.10,242.5 1 0
gopkg.in/couchbase/gocb.v1/cluster_searchquery.go:243.9,248.18 2 0
gopkg.in/couchbase/gocb.v1/cluster_searchquery.go:248.18,250.5 1 0
gopkg.in/couchbase/gocb.v1/cluster_searchquery.go:254.17,256.4 1 0
gopkg.in/couchbase/gocb.v1/cluster_searchquery.go:259.46,261.4 1 0
gopkg.in/couchbase/gocb.v1/cluster_searchquery.go:263.39,264.9 1 0
gopkg.in/couchbase/gocb.v1/cluster_searchquery.go:274.110,276.16 2 0
gopkg.in/couchbase/gocb.v1/cluster_searchquery.go:280.2,283.16 3 0
gopkg.in/couchbase/gocb.v1/cluster_searchquery.go:286.2,288.21 2 0
gopkg.in/couchbase/gocb.v1/cluster_searchquery.go:292.2,296.16 3 0
gopkg.in/couchbase/gocb.v1/cluster_searchquery.go:301.2,308.25 5 0
gopkg.in/couchbase/gocb.v1/cluster_searchquery.go:334.2,335.16 2 0
gopkg.in/couchbase/gocb.v1/cluster_searchquery.go:339.2,341.43 2 0
gopkg.in/couchbase/gocb.v1/cluster_searchquery.go:350.2,352.8 1 0
gopkg.in/couchbase/gocb.v1/cluster_searchquery.go:276.16,278.3 1 0
gopkg.in/couchbase/gocb.v1/cluster_searchquery.go:283.16,285.3 1 0
gopkg.in/couchbase/gocb.v1/cluster_searchquery.go:288.21,290.3 1 0
gopkg.in/couchbase/gocb.v1/cluster_searchquery.go:296.16,299.3 2 0
gopkg.in/couchbase/gocb.v1/cluster_searchquery.go:309.11,312.17 3 0
gopkg.in/couchbase/gocb.v1/cluster_searchquery.go:316.11,321.17 5 0
gopkg.in/couchbase/gocb.v1/cluster_searchquery.go:325.3,326.20 2 0
gopkg.in/couchbase/gocb.v1/cluster_searchquery.go:327.11,331.20 4 0
gopkg.in/couchbase/gocb.v1/cluster_searchquery.go:312.17,315.4 2 0
gopkg.in/couchbase/gocb.v1/cluster_searchquery.go:321.17,324.4 2 0
gopkg.in/couchbase/gocb.v1/cluster_searchquery.go:335.16,337.3 1 0
gopkg.in/couchbase/gocb.v1/cluster_searchquery.go:341.43,348.3 1 0
gopkg.in/couchbase/gocb.v1/cluster_searchquery.go:356.77,362.2 3 0
gopkg.in/couchbase/gocb.v1/spatialquery.go:18.62,19.21 1 0
gopkg.in/couchbase/gocb.v1/spatialquery.go:28.2,28.11 1 0
gopkg.in/couchbase/gocb.v1/spatialquery.go:19.21,21.3 1 0
gopkg.in/couchbase/gocb.v1/spatialquery.go:21.8,21.26 1 0
gopkg.in/couchbase/gocb.v1/spatialquery.go:21.26,23.3 1 0
gopkg.in/couchbase/gocb.v1/spatialquery.go:23.8,23.27 1 0
gopkg.in/couchbase/gocb.v1/spatialquery.go:23.27,25.3 1 0
gopkg.in/couchbase/gocb.v1/spatialquery.go:25.8,26.35 1 0
gopkg.in/couchbase/gocb.v1/spatialquery.go:32.54,35.2 2 0
gopkg.in/couchbase/gocb.v1/spatialquery.go:38.55,41.2 2 0
gopkg.in/couchbase/gocb.v1/spatialquery.go:44.62,45.22 1 0
gopkg.in/couchbase/gocb.v1/spatialquery.go:50.2,50.11 1 0
gopkg.in/couchbase/gocb.v1/spatialquery.go:45.22,47.3 1 0
gopkg.in/couchbase/gocb.v1/spatialquery.go:47.8,49.3 1 0
gopkg.in/couchbase/gocb.v1/spatialquery.go:54.61,55.9 1 0
gopkg.in/couchbase/gocb.v1/spatialquery.go:62.2,62.11 1 0
gopkg.in/couchbase/gocb.v1/spatialquery.go:55.9,56.42 1 0
gopkg.in/couchbase/gocb.v1/spatialquery.go:56.42,58.4 1 0
gopkg.in/couchbase/gocb.v1/spatialquery.go:59.8,61.3 1 0
gopkg.in/couchbase/gocb.v1/spatialquery.go:66.66,69.2 2 0
gopkg.in/couchbase/gocb.v1/spatialquery.go:71.71,73.2 1 0
gopkg.in/couchbase/gocb.v1/spatialquery.go:76.55,82.2 1 0
gopkg.in/couchbase/gocb.v1/viewquery.go:41.60,46.16 5 0
gopkg.in/couchbase/gocb.v1/viewquery.go:50.2,50.20 1 0
gopkg.in/couchbase/gocb.v1/viewquery.go:46.16,49.3 2 0
gopkg.in/couchbase/gocb.v1/viewquery.go:54.56,55.21 1 0
gopkg.in/couchbase/gocb.v1/viewquery.go:64.2,64.11 1 0
gopkg.in/couchbase/gocb.v1/viewquery.go:55.21,57.3 1 0
gopkg.in/couchbase/gocb.v1/viewquery.go:57.8,57.26 1 0
gopkg.in/couchbase/gocb.v1/viewquery.go:57.26,59.3 1 0
gopkg.in/couchbase/gocb.v1/viewquery.go:59.8,59.27 1 0
gopkg.in/couchbase/gocb.v1/viewquery.go:59.27,61.3 1 0
gopkg.in/couchbase/gocb.v1/viewquery.go:61.8,62.35 1 0
gopkg.in/couchbase/gocb.v1/viewquery.go:68.48,71.2 2 0
gopkg.in/couchbase/gocb.v1/viewquery.go:74.49,77.2 2 0
gopkg.in/couchbase/gocb.v1/viewquery.go:80.56,81.24 1 0
gopkg.in/couchbase/gocb.v1/viewquery.go:88.2,88.11 1 0
gopkg.in/couchbase/gocb.v1/viewquery.go:81.24,83.3 1 0
gopkg.in/couchbase/gocb.v1/viewquery.go:83.8,83.32 1 0
gopkg.in/couchbase/gocb.v1/viewquery.go:83.32,85.3 1 0
gopkg.in/couchbase/gocb.v1/viewquery.go:85.8,86.35 1 0
gopkg.in/couchbase/gocb.v1/viewquery.go:92.53,93.20 1 0
gopkg.in/couchbase/gocb.v1/viewquery.go:98.2,98.11 1 0
gopkg.in/couchbase/gocb.v1/viewquery.go:93.20,95.3 1 0
gopkg.in/couchbase/gocb.v1/viewquery.go:95.8,97.3 1 0
gopkg.in/couchbase/gocb.v1/viewquery.go:102.57,103.17 1 0
gopkg.in/couchbase/gocb.v1/viewquery.go:108.2,108.11 1 0
gopkg.in/couchbase/gocb.v1/viewquery.go:103.17,105.3 1 0
gopkg.in/couchbase/gocb.v1/viewquery.go:105.8,107.3 1 0
gopkg.in/couchbase/gocb.v1/viewquery.go:112.61,115.2 2 0
gopkg.in/couchbase/gocb.v1/viewquery.go:118.54,122.2 3 0
gopkg.in/couchbase/gocb.v1/viewquery.go:125.58,129.2 3 0
gopkg.in/couchbase/gocb.v1/viewquery.go:132.82,134.18 1 0
gopkg.in/couchbase/gocb.v1/viewquery.go:140.2,140.16 1 0
gopkg.in/couchbase/gocb.v1/viewquery.go:146.2,146.32 1 0
gopkg.in/couchbase/gocb.v1/viewquery.go:155.2,155.11 1 0
gopkg.in/couchbase/gocb.v1/viewquery.go:134.18,137.3 2 0
gopkg.in/couchbase/gocb.v1/viewquery.go:137.8,139.3 1 0
gopkg.in/couchbase/gocb.v1/viewquery.go:140.16,143.3 2 0
gopkg.in/couchbase/gocb.v1/viewquery.go:143.8,145.3 1 0
gopkg.in/couchbase/gocb.v1/viewquery.go:146.32,147.19 1 0
gopkg.in/couchbase/gocb.v1/viewquery.go:147.19,149.4 1 0
gopkg.in/couchbase/gocb.v1/viewquery.go:149.9,151.4 1 0
gopkg.in/couchbase/gocb.v1/viewquery.go:152.8,154.3 1 0
gopkg.in/couchbase/gocb.v1/viewquery.go:160.60,161.17 1 0
gopkg.in/couchbase/gocb.v1/viewquery.go:166.2,166.15 1 0
gopkg.in/couchbase/gocb.v1/viewquery.go:171.2,171.11 1 0
gopkg.in/couchbase/gocb.v1/viewquery.go:161.17,163.3 1 0
gopkg.in/couchbase/gocb.v1/viewquery.go:163.8,165.3 1 0
gopkg.in/couchbase/gocb.v1/viewquery.go:166.15,168.3 1 0
gopkg.in/couchbase/gocb.v1/viewquery.go:168.8,170.3 1 0
gopkg.in/couchbase/gocb.v1/viewquery.go:175.55,176.9 1 0
gopkg.in/couchbase/gocb.v1/viewquery.go:183.2,183.11 1 0
gopkg.in/couchbase/gocb.v1/viewquery.go:176.9,177.42 1 0
gopkg.in/couchbase/gocb.v1/viewquery.go:177.42,179.4 1 0
gopkg.in/couchbase/gocb.v1/viewquery.go:180.8,182.3 1 0
gopkg.in/couchbase/gocb.v1/viewquery.go:187.60,190.2 2 0
gopkg.in/couchbase/gocb.v1/viewquery.go:192.68,194.2 1 0
gopkg.in/couchbase/gocb.v1/viewquery.go:197.49,203.2 1 0
gopkg.in/couchbase/gocb.v1/analyticsquery.go:11.58,17.2 3 1
gopkg.in/couchbase/gocb.v1/analyticsquery.go:20.84,23.2 2 1
gopkg.in/couchbase/gocb.v1/analyticsquery.go:26.63,29.2 2 1
gopkg.in/couchbase/gocb.v1/analyticsquery.go:32.81,35.2 2 1
gopkg.in/couchbase/gocb.v1/analyticsquery.go:38.84,41.2 2 0
gopkg.in/couchbase/gocb.v1/analyticsquery.go:44.67,45.14 1 1
gopkg.in/couchbase/gocb.v1/analyticsquery.go:50.2,50.11 1 1
gopkg.in/couchbase/gocb.v1/analyticsquery.go:45.14,47.3 1 1
gopkg.in/couchbase/gocb.v1/analyticsquery.go:47.8,49.3 1 1
gopkg.in/couchbase/gocb.v1/bucket_diag.go:21.50,22.15 1 0
gopkg.in/couchbase/gocb.v1/bucket_diag.go:28.2,28.12 1 0
gopkg.in/couchbase/gocb.v1/bucket_diag.go:23.19,24.14 1 0
gopkg.in/couchbase/gocb.v1/bucket_diag.go:25.29,26.24 1 0
gopkg.in/couchbase/gocb.v1/bucket_diag.go:62.63,69.42 2 0
gopkg.in/couchbase/gocb.v1/bucket_diag.go:81.2,81.34 1 0
gopkg.in/couchbase/gocb.v1/bucket_diag.go:69.42,79.3 3 0
gopkg.in/couchbase/gocb.v1/bucket_diag.go:87.64,89.16 2 1
gopkg.in/couchbase/gocb.v1/bucket_diag.go:93.2,96.45 2 1
gopkg.in/couchbase/gocb.v1/bucket_diag.go:111.2,111.20 1 1
gopkg.in/couchbase/gocb.v1/bucket_diag.go:89.16,91.3 1 0
gopkg.in/couchbase/gocb.v1/bucket_diag.go:96.45,98.27 2 1
gopkg.in/couchbase/gocb.v1/bucket_diag.go:102.3,108.5 1 1
gopkg.in/couchbase/gocb.v1/bucket_diag.go:98.27,100.4 1 1
gopkg.in/couchbase/gocb.v1/bucket_searchquery.go:8.76,15.2 4 0
gopkg.in/couchbase/gocb.v1/bucket_viewquery.go:25.36,27.2 1 0
gopkg.in/couchbase/gocb.v1/bucket_viewquery.go:51.55,52.18 1 0
gopkg.in/couchbase/gocb.v1/bucket_viewquery.go:56.2,57.16 2 0
gopkg.in/couchbase/gocb.v1/bucket_viewquery.go:61.2,62.18 2 0
gopkg.in/couchbase/gocb.v1/bucket_viewquery.go:66.2,66.13 1 0
gopkg.in/couchbase/gocb.v1/bucket_viewquery.go:52.18,54.3 1 0
gopkg.in/couchbase/gocb.v1/bucket_viewquery.go:57.16,59.3 1 0
gopkg.in/couchbase/gocb.v1/bucket_viewquery.go:62.18,64.3 1 0
gopkg.in/couchbase/gocb.v1/bucket_viewquery.go:69.42,70.18 1 0
gopkg.in/couchbase/gocb.v1/bucket_viewquery.go:74.2,74.30 1 0
gopkg.in/couchbase/gocb.v1/bucket_viewquery.go:77.2,79.24 2 0
gopkg.in/couchbase/gocb.v1/bucket_viewquery.go:70.18,72.3 1 0
gopkg.in/couchbase/gocb.v1/bucket_viewquery.go:74.30,76.3 1 0
gopkg.in/couchbase/gocb.v1/bucket_viewquery.go:82.37,83.18 1 0
gopkg.in/couchbase/gocb.v1/bucket_viewquery.go:87.2,87.21 1 0
gopkg.in/couchbase/gocb.v1/bucket_viewquery.go:91.2,91.12 1 0
gopkg.in/couchbase/gocb.v1/bucket_viewquery.go:83.18,85.3 1 0
gopkg.in/couchbase/gocb.v1/bucket_viewquery.go:87.21,89.3 1 0
gopkg.in/couchbase/gocb.v1/bucket_viewquery.go:94.55,95.23 1 0
gopkg.in/couchbase/gocb.v1/bucket_viewquery.go:104.2,105.16 2 0
gopkg.in/couchbase/gocb.v1/bucket_viewquery.go:110.2,110.12 1 0
gopkg.in/couchbase/gocb.v1/bucket_viewquery.go:95.23,97.17 2 0
gopkg.in/couchbase/gocb.v1/bucket_viewquery.go:100.3,100.22 1 0
gopkg.in/couchbase/gocb.v1/bucket_viewquery.go:97.17,99.4 1 0
gopkg.in/couchbase/gocb.v1/bucket_viewquery.go:105.16,108.3 1 0
gopkg.in/couchbase/gocb.v1/bucket_viewquery.go:113.39,115.2 1 0
gopkg.in/couchbase/gocb.v1/bucket_viewquery.go:117.143,119.16 2 0
gopkg.in/couchbase/gocb.v1/bucket_viewquery.go:123.2,126.16 3 0
gopkg.in/couchbase/gocb.v1/bucket_viewquery.go:130.2,130.27 1 0
gopkg.in/couchbase/gocb.v1/bucket_viewquery.go:145.2,149.16 3 0
gopkg.in/couchbase/gocb.v1/bucket_viewquery.go:154.2,162.16 6 0
gopkg.in/couchbase/gocb.v1/bucket_viewquery.go:167.2,168.16 2 0
gopkg.in/couchbase/gocb.v1/bucket_viewquery.go:172.2,174.28 2 0
gopkg.in/couchbase/gocb.v1/bucket_viewquery.go:188.2,189.41 2 0
gopkg.in/couchbase/gocb.v1/bucket_viewquery.go:196.2,201.8 1 0
gopkg.in/couchbase/gocb.v1/bucket_viewquery.go:119.16,121.3 1 0
gopkg.in/couchbase/gocb.v1/bucket_viewquery.go:126.16,128.3 1 0
gopkg.in/couchbase/gocb.v1/bucket_viewquery.go:130.27,136.17 2 0
gopkg.in/couchbase/gocb.v1/bucket_viewquery.go:140.3,140.57 1 0
gopkg.in/couchbase/gocb.v1/bucket_viewquery.go:136.17,138.4 1 0
gopkg.in/couchbase/gocb.v1/bucket_viewquery.go:141.8,143.3 1 0
gopkg.in/couchbase/gocb.v1/bucket_viewquery.go:149.16,152.3 2 0
gopkg.in/couchbase/gocb.v1/bucket_viewquery.go:162.16,165.3 2 0
gopkg.in/couchbase/gocb.v1/bucket_viewquery.go:168.16,170.3 1 0
gopkg.in/couchbase/gocb.v1/bucket_viewquery.go:174.28,175.27 1 0
gopkg.in/couchbase/gocb.v1/bucket_viewquery.go:182.3,185.4 1 0
gopkg.in/couchbase/gocb.v1/bucket_viewquery.go:175.27,180.4 1 0
gopkg.in/couchbase/gocb.v1/bucket_viewquery.go:189.41,194.3 1 0
gopkg.in/couchbase/gocb.v1/bucket_viewquery.go:205.70,211.16 4 0
gopkg.in/couchbase/gocb.v1/bucket_viewquery.go:215.2,215.70 1 0
gopkg.in/couchbase/gocb.v1/bucket_viewquery.go:211.16,213.3 1 0
gopkg.in/couchbase/gocb.v1/bucket_viewquery.go:219.76,225.16 4 0
gopkg.in/couchbase/gocb.v1/bucket_viewquery.go:229.2,229.73 1 0
gopkg.in/couchbase/gocb.v1/bucket_viewquery.go:225.16,227.3 1 0
gopkg.in/couchbase/gocb.v1/auth.go:16.106,22.16 2 1
gopkg.in/couchbase/gocb.v1/auth.go:26.2,27.39 2 1
gopkg.in/couchbase/gocb.v1/auth.go:30.2,30.23 1 1
gopkg.in/couchbase/gocb.v1/auth.go:22.16,24.3 1 0
gopkg.in/couchbase/gocb.v1/auth.go:27.39,29.3 1 1
gopkg.in/couchbase/gocb.v1/auth.go:42.90,44.16 2 0
gopkg.in/couchbase/gocb.v1/auth.go:48.2,48.21 1 0
gopkg.in/couchbase/gocb.v1/auth.go:52.2,52.22 1 0
gopkg.in/couchbase/gocb.v1/auth.go:44.16,46.3 1 0
gopkg.in/couchbase/gocb.v1/auth.go:48.21,50.3 1 0
gopkg.in/couchbase/gocb.v1/auth.go:77.62,79.45 2 0
gopkg.in/couchbase/gocb.v1/auth.go:85.2,85.14 1 0
gopkg.in/couchbase/gocb.v1/auth.go:79.45,84.3 1 0
gopkg.in/couchbase/gocb.v1/auth.go:89.90,90.22 1 1
gopkg.in/couchbase/gocb.v1/auth.go:102.2,102.50 1 1
gopkg.in/couchbase/gocb.v1/auth.go:109.2,112.9 1 0
gopkg.in/couchbase/gocb.v1/auth.go:90.22,92.31 1 0
gopkg.in/couchbase/gocb.v1/auth.go:99.3,99.32 1 0
gopkg.in/couchbase/gocb.v1/auth.go:92.31,97.4 1 0
gopkg.in/couchbase/gocb.v1/auth.go:102.50,107.3 1 1
gopkg.in/couchbase/gocb.v1/auth.go:122.91,127.2 1 0
gopkg.in/couchbase/gocb.v1/auth.go:134.87,139.2 1 0
gopkg.in/couchbase/gocb.v1/connspec.go:23.48,25.2 1 1
gopkg.in/couchbase/gocb.v1/connspec.go:27.43,29.2 1 1
gopkg.in/couchbase/gocb.v1/connspec.go:31.44,33.2 1 1
gopkg.in/couchbase/gocb.v1/connspec.go:35.43,37.2 1 1
gopkg.in/couchbase/gocb.v1/connspec.go:39.46,40.16 1 0
gopkg.in/couchbase/gocb.v1/connspec.go:41.19,42.16 1 0
gopkg.in/couchbase/gocb.v1/connspec.go:43.18,44.21 1 0
gopkg.in/couchbase/gocb.v1/connspec.go:45.17,46.17 1 0
gopkg.in/couchbase/gocb.v1/connspec.go:47.16,48.22 1 0
gopkg.in/couchbase/gocb.v1/connspec.go:49.10,50.12 1 0
gopkg.in/couchbase/gocb.v1/connspec.go:54.46,55.11 1 1
gopkg.in/couchbase/gocb.v1/connspec.go:56.19,57.23 1 1
gopkg.in/couchbase/gocb.v1/connspec.go:58.20,59.21 1 1
gopkg.in/couchbase/gocb.v1/connspec.go:60.14,61.24 1 0
gopkg.in/couchbase/gocb.v1/connspec.go:62.15,63.22 1 0
gopkg.in/couchbase/gocb.v1/connspec.go:73.42,75.2 1 0
gopkg.in/couchbase/gocb.v1/connspec.go:90.61,92.77 1 1
gopkg.in/couchbase/gocb.v1/connspec.go:95.2,95.84 1 1
gopkg.in/couchbase/gocb.v1/connspec.go:98.2,98.87 1 1
gopkg.in/couchbase/gocb.v1/connspec.go:122.2,122.12 1 1
gopkg.in/couchbase/gocb.v1/connspec.go:92.77,94.3 1 1
gopkg.in/couchbase/gocb.v1/connspec.go:95.84,97.3 1 1
gopkg.in/couchbase/gocb.v1/connspec.go:98.87,101.24 3 1
gopkg.in/couchbase/gocb.v1/connspec.go:109.3,110.59 2 1
gopkg.in/couchbase/gocb.v1/connspec.go:101.24,104.4 2 1
gopkg.in/couchbase/gocb.v1/connspec.go:104.9,107.4 2 1
gopkg.in/couchbase/gocb.v1/connspec.go:112.8,115.24 2 1
gopkg.in/couchbase/gocb.v1/connspec.go:115.24,117.4 1 1
gopkg.in/couchbase/gocb.v1/connspec.go:117.9,119.4 1 0
gopkg.in/couchbase/gocb.v1/connspec.go:126.62,131.20 4 1
gopkg.in/couchbase/gocb.v1/connspec.go:142.2,142.20 1 1
gopkg.in/couchbase/gocb.v1/connspec.go:160.2,160.61 1 1
gopkg.in/couchbase/gocb.v1/connspec.go:167.2,167.20 1 1
gopkg.in/couchbase/gocb.v1/connspec.go:174.2,174.21 1 1
gopkg.in/couchbase/gocb.v1/connspec.go:181.2,181.8 1 1
gopkg.in/couchbase/gocb.v1/connspec.go:131.20,133.30 2 1
gopkg.in/couchbase/gocb.v1/connspec.go:137.3,137.31 1 1
gopkg.in/couchbase/gocb.v1/connspec.go:133.30,136.4 2 1
gopkg.in/couchbase/gocb.v1/connspec.go:138.8,140.3 1 1
gopkg.in/couchbase/gocb.v1/connspec.go:142.20,144.34 2 1
gopkg.in/couchbase/gocb.v1/connspec.go:144.34,146.25 2 1
gopkg.in/couchbase/gocb.v1/connspec.go:153.4,154.18 2 1
gopkg.in/couchbase/gocb.v1/connspec.go:146.25,148.19 2 1
gopkg.in/couchbase/gocb.v1/connspec.go:151.5,151.31 1 1
gopkg.in/couchbase/gocb.v1/connspec.go:148.19,150.6 1 0
gopkg.in/couchbase/gocb.v1/connspec.go:154.18,156.5 1 1
gopkg.in/couchbase/gocb.v1/connspec.go:160.61,162.17 2 1
gopkg.in/couchbase/gocb.v1/connspec.go:162.17,164.4 1 0
gopkg.in/couchbase/gocb.v1/connspec.go:167.20,169.17 2 1
gopkg.in/couchbase/gocb.v1/connspec.go:169.17,171.4 1 0
gopkg.in/couchbase/gocb.v1/connspec.go:174.21,176.17 2 1
gopkg.in/couchbase/gocb.v1/connspec.go:176.17,178.4 1 0
gopkg.in/couchbase/gocb.v1/connspec.go:184.43,185.61 1 0
gopkg.in/couchbase/gocb.v1/connspec.go:189.2,189.50 1 0
gopkg.in/couchbase/gocb.v1/connspec.go:193.2,195.35 3 0
gopkg.in/couchbase/gocb.v1/connspec.go:199.2,200.34 2 0
gopkg.in/couchbase/gocb.v1/connspec.go:204.2,207.26 3 0
gopkg.in/couchbase/gocb.v1/connspec.go:213.2,213.13 1 0
gopkg.in/couchbase/gocb.v1/connspec.go:185.61,187.3 1 0
gopkg.in/couchbase/gocb.v1/connspec.go:189.50,191.3 1 0
gopkg.in/couchbase/gocb.v1/connspec.go:195.35,197.3 1 0
gopkg.in/couchbase/gocb.v1/connspec.go:200.34,202.3 1 0
gopkg.in/couchbase/gocb.v1/connspec.go:207.26,209.3 1 0
gopkg.in/couchbase/gocb.v1/connspec.go:209.8,211.3 1 0
gopkg.in/couchbase/gocb.v1/bucket_subdoc.go:26.41,28.2 1 1
gopkg.in/couchbase/gocb.v1/bucket_subdoc.go:31.61,33.2 1 0
gopkg.in/couchbase/gocb.v1/bucket_subdoc.go:37.83,39.20 2 1
gopkg.in/couchbase/gocb.v1/bucket_subdoc.go:42.2,42.21 1 1
gopkg.in/couchbase/gocb.v1/bucket_subdoc.go:46.2,46.44 1 1
gopkg.in/couchbase/gocb.v1/bucket_subdoc.go:51.2,51.43 1 1
gopkg.in/couchbase/gocb.v1/bucket_subdoc.go:39.20,41.3 1 0
gopkg.in/couchbase/gocb.v1/bucket_subdoc.go:42.21,44.3 1 0
gopkg.in/couchbase/gocb.v1/bucket_subdoc.go:46.44,49.3 2 0
gopkg.in/couchbase/gocb.v1/bucket_subdoc.go:56.80,57.25 1 1
gopkg.in/couchbase/gocb.v1/bucket_subdoc.go:63.2,63.58 1 1
gopkg.in/couchbase/gocb.v1/bucket_subdoc.go:57.25,59.35 2 1
gopkg.in/couchbase/gocb.v1/bucket_subdoc.go:59.35,61.4 1 1
gopkg.in/couchbase/gocb.v1/bucket_subdoc.go:68.56,71.2 2 0
gopkg.in/couchbase/gocb.v1/bucket_subdoc.go:82.98,84.2 1 1
gopkg.in/couchbase/gocb.v1/bucket_subdoc.go:87.66,89.2 1 1
gopkg.in/couchbase/gocb.v1/bucket_subdoc.go:92.83,93.16 1 1
gopkg.in/couchbase/gocb.v1/bucket_subdoc.go:102.2,108.12 3 1
gopkg.in/couchbase/gocb.v1/bucket_subdoc.go:93.16,100.3 3 0
gopkg.in/couchbase/gocb.v1/bucket_subdoc.go:114.63,116.2 1 1
gopkg.in/couchbase/gocb.v1/bucket_subdoc.go:119.86,127.2 3 0
gopkg.in/couchbase/gocb.v1/bucket_subdoc.go:133.66,135.2 1 0
gopkg.in/couchbase/gocb.v1/bucket_subdoc.go:138.88,146.2 3 0
gopkg.in/couchbase/gocb.v1/bucket_subdoc.go:150.68,152.2 1 0
gopkg.in/couchbase/gocb.v1/bucket_subdoc.go:154.124,155.21 1 1
gopkg.in/couchbase/gocb.v1/bucket_subdoc.go:161.2,167.51 2 1
gopkg.in/couchbase/gocb.v1/bucket_subdoc.go:188.2,188.16 1 1
gopkg.in/couchbase/gocb.v1/bucket_subdoc.go:192.2,193.9 2 1
gopkg.in/couchbase/gocb.v1/bucket_subdoc.go:155.21,159.3 3 1
gopkg.in/couchbase/gocb.v1/bucket_subdoc.go:167.51,170.17 2 1
gopkg.in/couchbase/gocb.v1/bucket_subdoc.go:186.3,186.17 1 1
gopkg.in/couchbase/gocb.v1/bucket_subdoc.go:170.17,175.34 4 1
gopkg.in/couchbase/gocb.v1/bucket_subdoc.go:183.4,183.19 1 1
gopkg.in/couchbase/gocb.v1/bucket_subdoc.go:175.34,178.27 3 1
gopkg.in/couchbase/gocb.v1/bucket_subdoc.go:178.27,180.6 1 1
gopkg.in/couchbase/gocb.v1/bucket_subdoc.go:188.16,190.3 1 0
gopkg.in/couchbase/gocb.v1/bucket_subdoc.go:194.16,196.9 2 1
gopkg.in/couchbase/gocb.v1/bucket_subdoc.go:197.22,199.19 2 0
gopkg.in/couchbase/gocb.v1/bucket_subdoc.go:203.3,203.25 1 0
gopkg.in/couchbase/gocb.v1/bucket_subdoc.go:199.19,202.4 2 0
gopkg.in/couchbase/gocb.v1/bucket_subdoc.go:207.97,214.2 1 1
gopkg.in/couchbase/gocb.v1/bucket_subdoc.go:217.79,219.2 1 0
gopkg.in/couchbase/gocb.v1/bucket_subdoc.go:222.56,224.2 1 1
gopkg.in/couchbase/gocb.v1/bucket_subdoc.go:240.98,242.2 1 1
gopkg.in/couchbase/gocb.v1/bucket_subdoc.go:245.66,247.2 1 1
gopkg.in/couchbase/gocb.v1/bucket_subdoc.go:249.68,250.37 1 1
gopkg.in/couchbase/gocb.v1/bucket_subdoc.go:254.2,254.38 1 1
gopkg.in/couchbase/gocb.v1/bucket_subdoc.go:258.2,259.16 2 1
gopkg.in/couchbase/gocb.v1/bucket_subdoc.go:263.2,263.14 1 1
gopkg.in/couchbase/gocb.v1/bucket_subdoc.go:250.37,252.3 1 0
gopkg.in/couchbase/gocb.v1/bucket_subdoc.go:254.38,256.3 1 0
gopkg.in/couchbase/gocb.v1/bucket_subdoc.go:259.16,262.3 2 0
gopkg.in/couchbase/gocb.v1/bucket_subdoc.go:267.105,268.16 1 1
gopkg.in/couchbase/gocb.v1/bucket_subdoc.go:278.2,285.12 3 1
gopkg.in/couchbase/gocb.v1/bucket_subdoc.go:268.16,276.3 3 0
gopkg.in/couchbase/gocb.v1/bucket_subdoc.go:289.105,291.19 2 1
gopkg.in/couchbase/gocb.v1/bucket_subdoc.go:295.2,295.41 1 1
gopkg.in/couchbase/gocb.v1/bucket_subdoc.go:291.19,293.3 1 0
gopkg.in/couchbase/gocb.v1/bucket_subdoc.go:299.105,300.16 1 1
gopkg.in/couchbase/gocb.v1/bucket_subdoc.go:310.2,317.12 3 1
gopkg.in/couchbase/gocb.v1/bucket_subdoc.go:300.16,308.3 3 0
gopkg.in/couchbase/gocb.v1/bucket_subdoc.go:321.105,323.19 2 0
gopkg.in/couchbase/gocb.v1/bucket_subdoc.go:327.2,327.41 1 0
gopkg.in/couchbase/gocb.v1/bucket_subdoc.go:323.19,325.3 1 0
gopkg.in/couchbase/gocb.v1/bucket_subdoc.go:331.106,340.2 3 1
gopkg.in/couchbase/gocb.v1/bucket_subdoc.go:343.86,345.2 1 1
gopkg.in/couchbase/gocb.v1/bucket_subdoc.go:347.76,349.16 2 0
gopkg.in/couchbase/gocb.v1/bucket_subdoc.go:354.2,354.35 1 0
gopkg.in/couchbase/gocb.v1/bucket_subdoc.go:358.2,359.8 2 0
gopkg.in/couchbase/gocb.v1/bucket_subdoc.go:349.16,351.3 1 0
gopkg.in/couchbase/gocb.v1/bucket_subdoc.go:354.35,356.3 1 0
gopkg.in/couchbase/gocb.v1/bucket_subdoc.go:363.86,364.16 1 1
gopkg.in/couchbase/gocb.v1/bucket_subdoc.go:373.2,379.12 3 1
gopkg.in/couchbase/gocb.v1/bucket_subdoc.go:364.16,371.3 3 0
gopkg.in/couchbase/gocb.v1/bucket_subdoc.go:383.66,385.2 1 1
gopkg.in/couchbase/gocb.v1/bucket_subdoc.go:388.111,390.2 1 1
gopkg.in/couchbase/gocb.v1/bucket_subdoc.go:393.111,395.19 2 1
gopkg.in/couchbase/gocb.v1/bucket_subdoc.go:399.2,399.47 1 1
gopkg.in/couchbase/gocb.v1/bucket_subdoc.go:395.19,397.3 1 0
gopkg.in/couchbase/gocb.v1/bucket_subdoc.go:402.109,411.2 3 1
gopkg.in/couchbase/gocb.v1/bucket_subdoc.go:414.110,416.2 1 1
gopkg.in/couchbase/gocb.v1/bucket_subdoc.go:419.110,421.19 2 1
gopkg.in/couchbase/gocb.v1/bucket_subdoc.go:425.2,425.46 1 1
gopkg.in/couchbase/gocb.v1/bucket_subdoc.go:421.19,423.3 1 0
gopkg.in/couchbase/gocb.v1/bucket_subdoc.go:428.108,437.2 3 1
gopkg.in/couchbase/gocb.v1/bucket_subdoc.go:440.110,442.2 1 0
gopkg.in/couchbase/gocb.v1/bucket_subdoc.go:446.90,448.2 1 0
gopkg.in/couchbase/gocb.v1/bucket_subdoc.go:450.108,459.2 3 0
gopkg.in/couchbase/gocb.v1/bucket_subdoc.go:462.116,464.2 1 0
gopkg.in/couchbase/gocb.v1/bucket_subdoc.go:476.116,478.19 2 0
gopkg.in/couchbase/gocb.v1/bucket_subdoc.go:482.2,482.52 1 0
gopkg.in/couchbase/gocb.v1/bucket_subdoc.go:478.19,480.3 1 0
gopkg.in/couchbase/gocb.v1/bucket_subdoc.go:486.117,488.2 1 0
gopkg.in/couchbase/gocb.v1/bucket_subdoc.go:493.117,495.19 2 0
gopkg.in/couchbase/gocb.v1/bucket_subdoc.go:499.2,499.53 1 0
gopkg.in/couchbase/gocb.v1/bucket_subdoc.go:495.19,497.3 1 0
gopkg.in/couchbase/gocb.v1/bucket_subdoc.go:503.116,505.2 1 0
gopkg.in/couchbase/gocb.v1/bucket_subdoc.go:510.96,512.2 1 0
gopkg.in/couchbase/gocb.v1/bucket_subdoc.go:515.113,524.2 3 1
gopkg.in/couchbase/gocb.v1/bucket_subdoc.go:527.113,529.19 2 1
gopkg.in/couchbase/gocb.v1/bucket_subdoc.go:533.2,533.49 1 1
gopkg.in/couchbase/gocb.v1/bucket_subdoc.go:529.19,531.3 1 0
gopkg.in/couchbase/gocb.v1/bucket_subdoc.go:537.100,546.2 3 0
gopkg.in/couchbase/gocb.v1/bucket_subdoc.go:549.100,551.19 2 0
gopkg.in/couchbase/gocb.v1/bucket_subdoc.go:555.2,555.42 1 0
gopkg.in/couchbase/gocb.v1/bucket_subdoc.go:551.19,553.3 1 0
gopkg.in/couchbase/gocb.v1/bucket_subdoc.go:558.124,561.16 2 1
gopkg.in/couchbase/gocb.v1/bucket_subdoc.go:566.2,566.46 1 1
gopkg.in/couchbase/gocb.v1/bucket_subdoc.go:571.2,571.100 1 0
gopkg.in/couchbase/gocb.v1/bucket_subdoc.go:561.16,563.3 1 0
gopkg.in/couchbase/gocb.v1/bucket_subdoc.go:566.46,568.3 1 1
gopkg.in/couchbase/gocb.v1/bucket_subdoc.go:574.128,575.21 1 1
gopkg.in/couchbase/gocb.v1/bucket_subdoc.go:581.2,582.19 2 1
gopkg.in/couchbase/gocb.v1/bucket_subdoc.go:586.2,594.51 2 1
gopkg.in/couchbase/gocb.v1/bucket_subdoc.go:617.2,617.16 1 1
gopkg.in/couchbase/gocb.v1/bucket_subdoc.go:621.2,622.9 2 1
gopkg.in/couchbase/gocb.v1/bucket_subdoc.go:575.21,579.3 3 1
gopkg.in/couchbase/gocb.v1/bucket_subdoc.go:582.19,584.3 1 0
gopkg.in/couchbase/gocb.v1/bucket_subdoc.go:594.51,597.17 2 1
gopkg.in/couchbase/gocb.v1/bucket_subdoc.go:615.3,615.17 1 1
gopkg.in/couchbase/gocb.v1/bucket_subdoc.go:597.17,604.34 3 1
gopkg.in/couchbase/gocb.v1/bucket_subdoc.go:612.4,612.19 1 1
gopkg.in/couchbase/gocb.v1/bucket_subdoc.go:604.34,607.27 3 1
gopkg.in/couchbase/gocb.v1/bucket_subdoc.go:607.27,609.6 1 0
gopkg.in/couchbase/gocb.v1/bucket_subdoc.go:617.16,619.3 1 0
gopkg.in/couchbase/gocb.v1/bucket_subdoc.go:623.16,625.9 2 1
gopkg.in/couchbase/gocb.v1/bucket_subdoc.go:626.22,628.19 2 0
gopkg.in/couchbase/gocb.v1/bucket_subdoc.go:632.3,632.25 1 0
gopkg.in/couchbase/gocb.v1/bucket_subdoc.go:628.19,631.4 2 0
gopkg.in/couchbase/gocb.v1/bucket_subdoc.go:636.148,647.2 1 1
gopkg.in/couchbase/gocb.v1/bucket_subdoc.go:650.103,652.2 1 1
gopkg.in/couchbase/gocb.v1/bucket_subdoc.go:655.134,657.2 1 0
gopkg.in/couchbase/gocb.v1/bucket_subdoc.go:660.80,662.2 1 1
gopkg.in/couchbase/gocb.v1/bucketmgr.go:20.32,22.2 1 0
gopkg.in/couchbase/gocb.v1/bucketmgr.go:50.111,51.38 1 0
gopkg.in/couchbase/gocb.v1/bucketmgr.go:55.2,56.16 2 0
gopkg.in/couchbase/gocb.v1/bucketmgr.go:60.2,61.23 2 0
gopkg.in/couchbase/gocb.v1/bucketmgr.go:64.2,64.16 1 0
gopkg.in/couchbase/gocb.v1/bucketmgr.go:68.2,69.46 2 0
gopkg.in/couchbase/gocb.v1/bucketmgr.go:51.38,52.61 1 0
gopkg.in/couchbase/gocb.v1/bucketmgr.go:56.16,58.3 1 0
gopkg.in/couchbase/gocb.v1/bucketmgr.go:61.23,63.3 1 0
gopkg.in/couchbase/gocb.v1/bucketmgr.go:64.16,66.3 1 0
gopkg.in/couchbase/gocb.v1/bucketmgr.go:72.111,73.38 1 0
gopkg.in/couchbase/gocb.v1/bucketmgr.go:77.2,78.16 2 0
gopkg.in/couchbase/gocb.v1/bucketmgr.go:82.2,83.16 2 0
gopkg.in/couchbase/gocb.v1/bucketmgr.go:87.2,87.23 1 0
gopkg.in/couchbase/gocb.v1/bucketmgr.go:90.2,90.44 1 0
gopkg.in/couchbase/gocb.v1/bucketmgr.go:94.2,94.46 1 0
gopkg.in/couchbase/gocb.v1/bucketmgr.go:73.38,74.61 1 0
gopkg.in/couchbase/gocb.v1/bucketmgr.go:78.16,80.3 1 0
gopkg.in/couchbase/gocb.v1/bucketmgr.go:83.16,85.3 1 0
gopkg.in/couchbase/gocb.v1/bucketmgr.go:87.23,89.3 1 0
gopkg.in/couchbase/gocb.v1/bucketmgr.go:90.44,92.3 1 0
gopkg.in/couchbase/gocb.v1/bucketmgr.go:99.40,102.16 3 0
gopkg.in/couchbase/gocb.v1/bucketmgr.go:106.2,106.28 1 0
gopkg.in/couchbase/gocb.v1/bucketmgr.go:117.2,117.12 1 0
gopkg.in/couchbase/gocb.v1/bucketmgr.go:102.16,104.3 1 0
gopkg.in/couchbase/gocb.v1/bucketmgr.go:106.28,108.17 2 0
gopkg.in/couchbase/gocb.v1/bucketmgr.go:111.3,112.17 2 0
gopkg.in/couchbase/gocb.v1/bucketmgr.go:115.3,115.35 1 0
gopkg.in/couchbase/gocb.v1/bucketmgr.go:108.17,110.4 1 0
gopkg.in/couchbase/gocb.v1/bucketmgr.go:112.17,114.4 1 0
gopkg.in/couchbase/gocb.v1/bucketmgr.go:121.82,125.16 3 0
gopkg.in/couchbase/gocb.v1/bucketmgr.go:129.2,129.28 1 0
gopkg.in/couchbase/gocb.v1/bucketmgr.go:141.2,144.16 4 0
gopkg.in/couchbase/gocb.v1/bucketmgr.go:148.2,149.22 2 0
gopkg.in/couchbase/gocb.v1/bucketmgr.go:125.16,127.3 1 0
gopkg.in/couchbase/gocb.v1/bucketmgr.go:129.28,131.17 2 0
gopkg.in/couchbase/gocb.v1/bucketmgr.go:134.3,135.17 2 0
gopkg.in/couchbase/gocb.v1/bucketmgr.go:138.3,138.40 1 0
gopkg.in/couchbase/gocb.v1/bucketmgr.go:131.17,133.4 1 0
gopkg.in/couchbase/gocb.v1/bucketmgr.go:135.17,137.4 1 0
gopkg.in/couchbase/gocb.v1/bucketmgr.go:144.16,146.3 1 0
gopkg.in/couchbase/gocb.v1/bucketmgr.go:153.74,157.16 3 0
gopkg.in/couchbase/gocb.v1/bucketmgr.go:161.2,161.28 1 0
gopkg.in/couchbase/gocb.v1/bucketmgr.go:173.2,185.16 4 0
gopkg.in/couchbase/gocb.v1/bucketmgr.go:189.2,190.45 2 0
gopkg.in/couchbase/gocb.v1/bucketmgr.go:196.2,196.19 1 0
gopkg.in/couchbase/gocb.v1/bucketmgr.go:157.16,159.3 1 0
gopkg.in/couchbase/gocb.v1/bucketmgr.go:161.28,163.17 2 0
gopkg.in/couchbase/gocb.v1/bucketmgr.go:166.3,167.17 2 0
gopkg.in/couchbase/gocb.v1/bucketmgr.go:170.3,170.40 1 0
gopkg.in/couchbase/gocb.v1/bucketmgr.go:163.17,165.4 1 0
gopkg.in/couchbase/gocb.v1/bucketmgr.go:167.17,169.4 1 0
gopkg.in/couchbase/gocb.v1/bucketmgr.go:185.16,187.3 1 0
gopkg.in/couchbase/gocb.v1/bucketmgr.go:190.45,194.3 3 0
gopkg.in/couchbase/gocb.v1/bucketmgr.go:200.75,202.34 2 0
gopkg.in/couchbase/gocb.v1/bucketmgr.go:205.2,205.38 1 0
gopkg.in/couchbase/gocb.v1/bucketmgr.go:202.34,204.3 1 0
gopkg.in/couchbase/gocb.v1/bucketmgr.go:210.75,214.16 3 0
gopkg.in/couchbase/gocb.v1/bucketmgr.go:218.2,219.16 2 0
gopkg.in/couchbase/gocb.v1/bucketmgr.go:223.2,223.28 1 0
gopkg.in/couchbase/gocb.v1/bucketmgr.go:235.2,235.12 1 0
gopkg.in/couchbase/gocb.v1/bucketmgr.go:214.16,216.3 1 0
gopkg.in/couchbase/gocb.v1/bucketmgr.go:219.16,221.3 1 0
gopkg.in/couchbase/gocb.v1/bucketmgr.go:223.28,225.17 2 0
gopkg.in/couchbase/gocb.v1/bucketmgr.go:228.3,229.17 2 0
gopkg.in/couchbase/gocb.v1/bucketmgr.go:232.3,232.35 1 0
gopkg.in/couchbase/gocb.v1/bucketmgr.go:225.17,227.4 1 0
gopkg.in/couchbase/gocb.v1/bucketmgr.go:229.17,231.4 1 0
gopkg.in/couchbase/gocb.v1/bucketmgr.go:239.66,243.16 3 0
gopkg.in/couchbase/gocb.v1/bucketmgr.go:247.2,247.28 1 0
gopkg.in/couchbase/gocb.v1/bucketmgr.go:259.2,259.12 1 0
gopkg.in/couchbase/gocb.v1/bucketmgr.go:243.16,245.3 1 0
gopkg.in/couchbase/gocb.v1/bucketmgr.go:247.28,249.17 2 0
gopkg.in/couchbase/gocb.v1/bucketmgr.go:252.3,253.17 2 0
gopkg.in/couchbase/gocb.v1/bucketmgr.go:256.3,256.35 1 0
gopkg.in/couchbase/gocb.v1/bucketmgr.go:249.17,251.4 1 0
gopkg.in/couchbase/gocb.v1/bucketmgr.go:253.17,255.4 1 0
gopkg.in/couchbase/gocb.v1/bucketmgr.go:262.110,265.22 2 0
gopkg.in/couchbase/gocb.v1/bucketmgr.go:270.2,270.21 1 0
gopkg.in/couchbase/gocb.v1/bucketmgr.go:273.2,274.21 2 0
gopkg.in/couchbase/gocb.v1/bucketmgr.go:284.2,284.14 1 0
gopkg.in/couchbase/gocb.v1/bucketmgr.go:288.2,289.16 2 0
gopkg.in/couchbase/gocb.v1/bucketmgr.go:299.2,299.21 1 0
gopkg.in/couchbase/gocb.v1/bucketmgr.go:265.22,267.3 1 0
gopkg.in/couchbase/gocb.v1/bucketmgr.go:267.8,269.3 1 0
gopkg.in/couchbase/gocb.v1/bucketmgr.go:270.21,272.3 1 0
gopkg.in/couchbase/gocb.v1/bucketmgr.go:274.21,276.36 2 0
gopkg.in/couchbase/gocb.v1/bucketmgr.go:282.3,282.12 1 0
gopkg.in/couchbase/gocb.v1/bucketmgr.go:276.36,277.13 1 0
gopkg.in/couchbase/gocb.v1/bucketmgr.go:280.4,280.31 1 0
gopkg.in/couchbase/gocb.v1/bucketmgr.go:277.13,279.5 1 0
gopkg.in/couchbase/gocb.v1/bucketmgr.go:284.14,286.3 1 0
gopkg.in/couchbase/gocb.v1/bucketmgr.go:289.16,290.53 1 0
gopkg.in/couchbase/gocb.v1/bucketmgr.go:296.3,296.13 1 0
gopkg.in/couchbase/gocb.v1/bucketmgr.go:290.53,291.22 1 0
gopkg.in/couchbase/gocb.v1/bucketmgr.go:294.4,294.32 1 0
gopkg.in/couchbase/gocb.v1/bucketmgr.go:291.22,293.5 1 0
gopkg.in/couchbase/gocb.v1/bucketmgr.go:303.110,304.21 1 0
gopkg.in/couchbase/gocb.v1/bucketmgr.go:307.2,307.22 1 0
gopkg.in/couchbase/gocb.v1/bucketmgr.go:310.2,310.68 1 0
gopkg.in/couchbase/gocb.v1/bucketmgr.go:304.21,306.3 1 0
gopkg.in/couchbase/gocb.v1/bucketmgr.go:307.22,309.3 1 0
gopkg.in/couchbase/gocb.v1/bucketmgr.go:314.101,316.2 1 0
gopkg.in/couchbase/gocb.v1/bucketmgr.go:318.84,321.21 2 0
gopkg.in/couchbase/gocb.v1/bucketmgr.go:327.2,328.16 2 0
gopkg.in/couchbase/gocb.v1/bucketmgr.go:338.2,338.21 1 0
gopkg.in/couchbase/gocb.v1/bucketmgr.go:321.21,323.3 1 0
gopkg.in/couchbase/gocb.v1/bucketmgr.go:323.8,325.3 1 0
gopkg.in/couchbase/gocb.v1/bucketmgr.go:328.16,329.49 1 0
gopkg.in/couchbase/gocb.v1/bucketmgr.go:335.3,335.13 1 0
gopkg.in/couchbase/gocb.v1/bucketmgr.go:329.49,330.25 1 0
gopkg.in/couchbase/gocb.v1/bucketmgr.go:333.4,333.27 1 0
gopkg.in/couchbase/gocb.v1/bucketmgr.go:330.25,332.5 1 0
gopkg.in/couchbase/gocb.v1/bucketmgr.go:342.84,343.21 1 0
gopkg.in/couchbase/gocb.v1/bucketmgr.go:346.2,346.51 1 0
gopkg.in/couchbase/gocb.v1/bucketmgr.go:343.21,345.3 1 0
gopkg.in/couchbase/gocb.v1/bucketmgr.go:350.92,352.2 1 0
gopkg.in/couchbase/gocb.v1/bucketmgr.go:355.60,358.16 3 0
gopkg.in/couchbase/gocb.v1/bucketmgr.go:362.2,364.24 3 0
gopkg.in/couchbase/gocb.v1/bucketmgr.go:368.2,368.37 1 0
gopkg.in/couchbase/gocb.v1/bucketmgr.go:372.2,372.21 1 0
gopkg.in/couchbase/gocb.v1/bucketmgr.go:358.16,360.3 1 0
gopkg.in/couchbase/gocb.v1/bucketmgr.go:364.24,367.3 2 0
gopkg.in/couchbase/gocb.v1/bucketmgr.go:368.37,370.3 1 0
gopkg.in/couchbase/gocb.v1/bucketmgr.go:376.67,378.16 2 0
gopkg.in/couchbase/gocb.v1/bucketmgr.go:382.2,383.38 2 0
gopkg.in/couchbase/gocb.v1/bucketmgr.go:390.2,390.28 1 0
gopkg.in/couchbase/gocb.v1/bucketmgr.go:395.2,397.41 3 0
gopkg.in/couchbase/gocb.v1/bucketmgr.go:403.2,406.16 3 0
gopkg.in/couchbase/gocb.v1/bucketmgr.go:410.2,410.37 1 0
gopkg.in/couchbase/gocb.v1/bucketmgr.go:414.2,414.26 1 0
gopkg.in/couchbase/gocb.v1/bucketmgr.go:378.16,380.3 1 0
gopkg.in/couchbase/gocb.v1/bucketmgr.go:383.38,385.60 2 0
gopkg.in/couchbase/gocb.v1/bucketmgr.go:385.60,387.4 1 0
gopkg.in/couchbase/gocb.v1/bucketmgr.go:390.28,393.3 1 0
gopkg.in/couchbase/gocb.v1/bucketmgr.go:397.41,398.12 1 0
gopkg.in/couchbase/gocb.v1/bucketmgr.go:401.3,401.36 1 0
gopkg.in/couchbase/gocb.v1/bucketmgr.go:398.12,400.4 1 0
gopkg.in/couchbase/gocb.v1/bucketmgr.go:406.16,408.3 1 0
gopkg.in/couchbase/gocb.v1/bucketmgr.go:410.37,412.3 1 0
gopkg.in/couchbase/gocb.v1/bucketmgr.go:417.80,419.38 2 0
gopkg.in/couchbase/gocb.v1/bucketmgr.go:430.2,430.41 1 0
gopkg.in/couchbase/gocb.v1/bucketmgr.go:434.2,434.41 1 0
gopkg.in/couchbase/gocb.v1/bucketmgr.go:439.2,439.18 1 0
gopkg.in/couchbase/gocb.v1/bucketmgr.go:419.38,422.37 2 0
gopkg.in/couchbase/gocb.v1/bucketmgr.go:422.37,423.36 1 0
gopkg.in/couchbase/gocb.v1/bucketmgr.go:423.36,425.10 2 0
gopkg.in/couchbase/gocb.v1/bucketmgr.go:430.41,432.3 1 0
gopkg.in/couchbase/gocb.v1/bucketmgr.go:434.41,435.40 1 0
gopkg.in/couchbase/gocb.v1/bucketmgr.go:435.40,437.4 1 0
gopkg.in/couchbase/gocb.v1/bucketmgr.go:443.107,444.18 1 0
gopkg.in/couchbase/gocb.v1/bucketmgr.go:448.2,450.6 3 0
gopkg.in/couchbase/gocb.v1/bucketmgr.go:478.2,478.12 1 0
gopkg.in/couchbase/gocb.v1/bucketmgr.go:444.18,446.3 1 0
gopkg.in/couchbase/gocb.v1/bucketmgr.go:450.6,452.17 2 0
gopkg.in/couchbase/gocb.v1/bucketmgr.go:456.3,457.17 2 0
gopkg.in/couchbase/gocb.v1/bucketmgr.go:461.3,461.16 1 0
gopkg.in/couchbase/gocb.v1/bucketmgr.go:465.3,466.25 2 0
gopkg.in/couchbase/gocb.v1/bucketmgr.go:470.3,470.53 1 0
gopkg.in/couchbase/gocb.v1/bucketmgr.go:475.3,475.26 1 0
gopkg.in/couchbase/gocb.v1/bucketmgr.go:452.17,454.4 1 0
gopkg.in/couchbase/gocb.v1/bucketmgr.go:457.17,459.4 1 0
gopkg.in/couchbase/gocb.v1/bucketmgr.go:461.16,462.9 1 0
gopkg.in/couchbase/gocb.v1/bucketmgr.go:466.25,468.4 1 0
gopkg.in/couchbase/gocb.v1/bucketmgr.go:470.53,472.4 1 0
gopkg.in/couchbase/gocb.v1/cluster_analyticsquery.go:19.41,21.2 1 0
gopkg.in/couchbase/gocb.v1/cluster_analyticsquery.go:54.46,56.2 1 0
gopkg.in/couchbase/gocb.v1/cluster_analyticsquery.go:58.45,60.2 1 0
gopkg.in/couchbase/gocb.v1/cluster_analyticsquery.go:103.60,104.18 1 0
gopkg.in/couchbase/gocb.v1/cluster_analyticsquery.go:108.2,109.16 2 0
gopkg.in/couchbase/gocb.v1/cluster_analyticsquery.go:113.2,114.18 2 0
gopkg.in/couchbase/gocb.v1/cluster_analyticsquery.go:118.2,118.13 1 0
gopkg.in/couchbase/gocb.v1/cluster_analyticsquery.go:104.18,106.3 1 0
gopkg.in/couchbase/gocb.v1/cluster_analyticsquery.go:109.16,111.3 1 0
gopkg.in/couchbase/gocb.v1/cluster_analyticsquery.go:114.18,116.3 1 0
gopkg.in/couchbase/gocb.v1/cluster_analyticsquery.go:121.47,122.18 1 0
gopkg.in/couchbase/gocb.v1/cluster_analyticsquery.go:126.2,126.30 1 0
gopkg.in/couchbase/gocb.v1/cluster_analyticsquery.go:130.2,132.24 2 0
gopkg.in/couchbase/gocb.v1/cluster_analyticsquery.go:122.18,124.3 1 0
gopkg.in/couchbase/gocb.v1/cluster_analyticsquery.go:126.30,129.3 2 0
gopkg.in/couchbase/gocb.v1/cluster_analyticsquery.go:135.42,138.2 2 0
gopkg.in/couchbase/gocb.v1/cluster_analyticsquery.go:140.60,141.23 1 0
gopkg.in/couchbase/gocb.v1/cluster_analyticsquery.go:150.2,151.16 2 0
gopkg.in/couchbase/gocb.v1/cluster_analyticsquery.go:156.2,156.12 1 0
gopkg.in/couchbase/gocb.v1/cluster_analyticsquery.go:141.23,143.17 2 0
gopkg.in/couchbase/gocb.v1/cluster_analyticsquery.go:146.3,146.22 1 0
gopkg.in/couchbase/gocb.v1/cluster_analyticsquery.go:143.17,145.4 1 0
gopkg.in/couchbase/gocb.v1/cluster_analyticsquery.go:151.16,154.3 1 0
gopkg.in/couchbase/gocb.v1/cluster_analyticsquery.go:159.58,161.2 1 0
gopkg.in/couchbase/gocb.v1/cluster_analyticsquery.go:163.44,165.2 1 0
gopkg.in/couchbase/gocb.v1/cluster_analyticsquery.go:167.52,169.2 1 0
gopkg.in/couchbase/gocb.v1/cluster_analyticsquery.go:171.61,173.2 1 0
gopkg.in/couchbase/gocb.v1/cluster_analyticsquery.go:175.47,176.15 1 0
gopkg.in/couchbase/gocb.v1/cluster_analyticsquery.go:180.2,180.20 1 0
gopkg.in/couchbase/gocb.v1/cluster_analyticsquery.go:176.15,177.60 1 0
gopkg.in/couchbase/gocb.v1/cluster_analyticsquery.go:183.53,184.15 1 0
gopkg.in/couchbase/gocb.v1/cluster_analyticsquery.go:188.2,188.26 1 0
gopkg.in/couchbase/gocb.v1/cluster_analyticsquery.go:184.15,185.60 1 0
gopkg.in/couchbase/gocb.v1/cluster_analyticsquery.go:191.216,195.20 3 0
gopkg.in/couchbase/gocb.v1/cluster_analyticsquery.go:199.2,199.20 1 0
gopkg.in/couchbase/gocb.v1/cluster_analyticsquery.go:203.2,204.16 2 0
gopkg.in/couchbase/gocb.v1/cluster_analyticsquery.go:208.2,209.16 2 0
gopkg.in/couchbase/gocb.v1/cluster_analyticsquery.go:212.2,214.20 2 0
gopkg.in/couchbase/gocb.v1/cluster_analyticsquery.go:218.2,218.21 1 0
gopkg.in/couchbase/gocb.v1/cluster_analyticsquery.go:222.2,226.16 3 0
gopkg.in/couchbase/gocb.v1/cluster_analyticsquery.go:231.2,239.16 6 0
gopkg.in/couchbase/gocb.v1/cluster_analyticsquery.go:244.2,245.16 2 0
gopkg.in/couchbase/gocb.v1/cluster_analyticsquery.go:249.2,253.16 4 0
gopkg.in/couchbase/gocb.v1/cluster_analyticsquery.go:257.2,258.16 2 0
gopkg.in/couchbase/gocb.v1/cluster_analyticsquery.go:262.2,262.35 1 0
gopkg.in/couchbase/gocb.v1/cluster_analyticsquery.go:266.2,266.28 1 0
gopkg.in/couchbase/gocb.v1/cluster_analyticsquery.go:273.2,292.8 1 0
gopkg.in/couchbase/gocb.v1/cluster_analyticsquery.go:195.20,197.3 1 0
gopkg.in/couchbase/gocb.v1/cluster_analyticsquery.go:199.20,201.3 1 0
gopkg.in/couchbase/gocb.v1/cluster_analyticsquery.go:204.16,206.3 1 0
gopkg.in/couchbase/gocb.v1/cluster_analyticsquery.go:209.16,211.3 1 0
gopkg.in/couchbase/gocb.v1/cluster_analyticsquery.go:214.20,216.3 1 0
gopkg.in/couchbase/gocb.v1/cluster_analyticsquery.go:218.21,220.3 1 0
gopkg.in/couchbase/gocb.v1/cluster_analyticsquery.go:226.16,229.3 2 0
gopkg.in/couchbase/gocb.v1/cluster_analyticsquery.go:239.16,242.3 2 0
gopkg.in/couchbase/gocb.v1/cluster_analyticsquery.go:245.16,247.3 1 0
gopkg.in/couchbase/gocb.v1/cluster_analyticsquery.go:253.16,255.3 1 0
gopkg.in/couchbase/gocb.v1/cluster_analyticsquery.go:258.16,260.3 1 0
gopkg.in/couchbase/gocb.v1/cluster_analyticsquery.go:262.35,264.3 1 0
gopkg.in/couchbase/gocb.v1/cluster_analyticsquery.go:266.28,271.3 1 0
gopkg.in/couchbase/gocb.v1/cluster_analyticsquery.go:296.126,303.14 6 0
gopkg.in/couchbase/gocb.v1/cluster_analyticsquery.go:326.2,331.30 5 0
gopkg.in/couchbase/gocb.v1/cluster_analyticsquery.go:335.2,336.13 2 0
gopkg.in/couchbase/gocb.v1/cluster_analyticsquery.go:340.2,341.12 2 0
gopkg.in/couchbase/gocb.v1/cluster_analyticsquery.go:352.2,355.54 4 0
gopkg.in/couchbase/gocb.v1/cluster_analyticsquery.go:416.2,416.17 1 0
gopkg.in/couchbase/gocb.v1/cluster_analyticsquery.go:303.14,304.46 1 0
gopkg.in/couchbase/gocb.v1/cluster_analyticsquery.go:310.3,310.16 1 0
gopkg.in/couchbase/gocb.v1/cluster_analyticsquery.go:304.46,306.4 1 0
gopkg.in/couchbase/gocb.v1/cluster_analyticsquery.go:306.9,308.4 1 0
gopkg.in/couchbase/gocb.v1/cluster_analyticsquery.go:311.8,312.20 1 0
gopkg.in/couchbase/gocb.v1/cluster_analyticsquery.go:316.3,317.17 2 0
gopkg.in/couchbase/gocb.v1/cluster_analyticsquery.go:321.3,323.19 2 0
gopkg.in/couchbase/gocb.v1/cluster_analyticsquery.go:312.20,313.80 1 0
gopkg.in/couchbase/gocb.v1/cluster_analyticsquery.go:317.17,319.4 1 0
gopkg.in/couchbase/gocb.v1/cluster_analyticsquery.go:331.30,333.3 1 0
gopkg.in/couchbase/gocb.v1/cluster_analyticsquery.go:336.13,338.3 1 0
gopkg.in/couchbase/gocb.v1/cluster_analyticsquery.go:341.12,344.17 3 0
gopkg.in/couchbase/gocb.v1/cluster_analyticsquery.go:344.17,346.4 1 0
gopkg.in/couchbase/gocb.v1/cluster_analyticsquery.go:347.8,350.3 1 0
gopkg.in/couchbase/gocb.v1/cluster_analyticsquery.go:355.54,358.17 3 0
gopkg.in/couchbase/gocb.v1/cluster_analyticsquery.go:362.3,362.15 1 0
gopkg.in/couchbase/gocb.v1/cluster_analyticsquery.go:391.3,394.17 3 0
gopkg.in/couchbase/gocb.v1/cluster_analyticsquery.go:399.3,402.22 3 0
gopkg.in/couchbase/gocb.v1/cluster_analyticsquery.go:405.3,405.131 1 0
gopkg.in/couchbase/gocb.v1/cluster_analyticsquery.go:409.3,409.39 1 0
gopkg.in/couchbase/gocb.v1/cluster_analyticsquery.go:413.3,413.50 1 0
gopkg.in/couchbase/gocb.v1/cluster_analyticsquery.go:358.17,360.4 1 0
gopkg.in/couchbase/gocb.v1/cluster_analyticsquery.go:362.15,363.21 1 0
gopkg.in/couchbase/gocb.v1/cluster_analyticsquery.go:363.21,369.19 2 0
gopkg.in/couchbase/gocb.v1/cluster_analyticsquery.go:369.19,371.6 1 0
gopkg.in/couchbase/gocb.v1/cluster_analyticsquery.go:372.10,379.5 1 0
gopkg.in/couchbase/gocb.v1/cluster_analyticsquery.go:380.9,385.18 2 0
gopkg.in/couchbase/gocb.v1/cluster_analyticsquery.go:385.18,387.5 1 0
gopkg.in/couchbase/gocb.v1/cluster_analyticsquery.go:394.17,397.4 2 0
gopkg.in/couchbase/gocb.v1/cluster_analyticsquery.go:402.22,404.4 1 0
gopkg.in/couchbase/gocb.v1/cluster_analyticsquery.go:405.131,407.4 1 0
gopkg.in/couchbase/gocb.v1/cluster_analyticsquery.go:409.39,410.9 1 0
gopkg.in/couchbase/gocb.v1/cluster_analyticsquery.go:422.86,428.2 3 0
gopkg.in/couchbase/gocb.v1/cluster_n1qlquery.go:24.36,26.2 1 0
gopkg.in/couchbase/gocb.v1/cluster_n1qlquery.go:50.41,52.2 1 0
gopkg.in/couchbase/gocb.v1/cluster_n1qlquery.go:54.40,56.2 1 0
gopkg.in/couchbase/gocb.v1/cluster_n1qlquery.go:97.55,98.18 1 0
gopkg.in/couchbase/gocb.v1/cluster_n1qlquery.go:102.2,103.16 2 0
gopkg.in/couchbase/gocb.v1/cluster_n1qlquery.go:107.2,108.18 2 0
gopkg.in/couchbase/gocb.v1/cluster_n1qlquery.go:112.2,112.13 1 0
gopkg.in/couchbase/gocb.v1/cluster_n1qlquery.go:98.18,100.3 1 0
gopkg.in/couchbase/gocb.v1/cluster_n1qlquery.go:103.16,105.3 1 0
gopkg.in/couchbase/gocb.v1/cluster_n1qlquery.go:108.18,110.3 1 0
gopkg.in/couchbase/gocb.v1/cluster_n1qlquery.go:115.42,116.18 1 0
gopkg.in/couchbase/gocb.v1/cluster_n1qlquery.go:120.2,120.30 1 0
gopkg.in/couchbase/gocb.v1/cluster_n1qlquery.go:124.2,126.24 2 0
gopkg.in/couchbase/gocb.v1/cluster_n1qlquery.go:116.18,118.3 1 0
gopkg.in/couchbase/gocb.v1/cluster_n1qlquery.go:120.30,123.3 2 0
gopkg.in/couchbase/gocb.v1/cluster_n1qlquery.go:129.37,132.2 2 0
gopkg.in/couchbase/gocb.v1/cluster_n1qlquery.go:134.55,135.23 1 0
gopkg.in/couchbase/gocb.v1/cluster_n1qlquery.go:144.2,145.16 2 0
gopkg.in/couchbase/gocb.v1/cluster_n1qlquery.go:150.2,150.12 1 0
gopkg.in/couchbase/gocb.v1/cluster_n1qlquery.go:135.23,137.17 2 0
gopkg.in/couchbase/gocb.v1/cluster_n1qlquery.go:140.3,140.22 1 0
gopkg.in/couchbase/gocb.v1/cluster_n1qlquery.go:137.17,139.4 1 0
gopkg.in/couchbase/gocb.v1/cluster_n1qlquery.go:145.16,148.3 1 0
gopkg.in/couchbase/gocb.v1/cluster_n1qlquery.go:153.47,155.2 1 0
gopkg.in/couchbase/gocb.v1/cluster_n1qlquery.go:157.42,158.15 1 0
gopkg.in/couchbase/gocb.v1/cluster_n1qlquery.go:162.2,162.20 1 0
gopkg.in/couchbase/gocb.v1/cluster_n1qlquery.go:158.15,159.60 1 0
gopkg.in/couchbase/gocb.v1/cluster_n1qlquery.go:165.48,166.15 1 0
gopkg.in/couchbase/gocb.v1/cluster_n1qlquery.go:170.2,170.26 1 0
gopkg.in/couchbase/gocb.v1/cluster_n1qlquery.go:166.15,167.60 1 0
gopkg.in/couchbase/gocb.v1/cluster_n1qlquery.go:173.52,174.15 1 0
gopkg.in/couchbase/gocb.v1/cluster_n1qlquery.go:178.2,178.18 1 0
gopkg.in/couchbase/gocb.v1/cluster_n1qlquery.go:174.15,175.60 1 0
gopkg.in/couchbase/gocb.v1/cluster_n1qlquery.go:185.202,189.12 3 0
gopkg.in/couchbase/gocb.v1/cluster_n1qlquery.go:200.2,200.20 1 0
gopkg.in/couchbase/gocb.v1/cluster_n1qlquery.go:204.2,205.16 2 0
gopkg.in/couchbase/gocb.v1/cluster_n1qlquery.go:209.2,210.16 2 0
gopkg.in/couchbase/gocb.v1/cluster_n1qlquery.go:213.2,215.21 2 0
gopkg.in/couchbase/gocb.v1/cluster_n1qlquery.go:219.2,223.16 3 0
gopkg.in/couchbase/gocb.v1/cluster_n1qlquery.go:228.2,236.16 6 0
gopkg.in/couchbase/gocb.v1/cluster_n1qlquery.go:241.2,242.16 2 0
gopkg.in/couchbase/gocb.v1/cluster_n1qlquery.go:250.2,253.30 3 0
gopkg.in/couchbase/gocb.v1/cluster_n1qlquery.go:257.2,257.28 1 0
gopkg.in/couchbase/gocb.v1/cluster_n1qlquery.go:264.2,265.16 2 0
gopkg.in/couchbase/gocb.v1/cluster_n1qlquery.go:269.2,270.16 2 0
gopkg.in/couchbase/gocb.v1/cluster_n1qlquery.go:274.2,275.16 2 0
gopkg.in/couchbase/gocb.v1/cluster_n1qlquery.go:282.2,298.8 1 0
gopkg.in/couchbase/gocb.v1/cluster_n1qlquery.go:189.12,192.17 3 0
gopkg.in/couchbase/gocb.v1/cluster_n1qlquery.go:192.17,194.4 1 0
gopkg.in/couchbase/gocb.v1/cluster_n1qlquery.go:195.8,198.3 1 0
gopkg.in/couchbase/gocb.v1/cluster_n1qlquery.go:200.20,202.3 1 0
gopkg.in/couchbase/gocb.v1/cluster_n1qlquery.go:205.16,207.3 1 0
gopkg.in/couchbase/gocb.v1/cluster_n1qlquery.go:210.16,212.3 1 0
gopkg.in/couchbase/gocb.v1/cluster_n1qlquery.go:215.21,217.3 1 0
gopkg.in/couchbase/gocb.v1/cluster_n1qlquery.go:223.16,226.3 2 0
gopkg.in/couchbase/gocb.v1/cluster_n1qlquery.go:236.16,239.3 2 0
gopkg.in/couchbase/gocb.v1/cluster_n1qlquery.go:242.16,244.3 1 0
gopkg.in/couchbase/gocb.v1/cluster_n1qlquery.go:253.30,255.3 1 0
gopkg.in/couchbase/gocb.v1/cluster_n1qlquery.go:257.28,262.3 1 0
gopkg.in/couchbase/gocb.v1/cluster_n1qlquery.go:265.16,267.3 1 0
gopkg.in/couchbase/gocb.v1/cluster_n1qlquery.go:270.16,272.3 1 0
gopkg.in/couchbase/gocb.v1/cluster_n1qlquery.go:275.16,280.3 2 0
gopkg.in/couchbase/gocb.v1/cluster_n1qlquery.go:301.200,303.25 2 0
gopkg.in/couchbase/gocb.v1/cluster_n1qlquery.go:306.2,309.16 3 0
gopkg.in/couchbase/gocb.v1/cluster_n1qlquery.go:313.2,315.16 3 0
gopkg.in/couchbase/gocb.v1/cluster_n1qlquery.go:319.2,322.8 1 0
gopkg.in/couchbase/gocb.v1/cluster_n1qlquery.go:303.25,305.3 1 0
gopkg.in/couchbase/gocb.v1/cluster_n1qlquery.go:309.16,311.3 1 0
gopkg.in/couchbase/gocb.v1/cluster_n1qlquery.go:315.16,317.3 1 0
gopkg.in/couchbase/gocb.v1/cluster_n1qlquery.go:331.132,338.14 6 0
gopkg.in/couchbase/gocb.v1/cluster_n1qlquery.go:394.2,395.30 2 0
gopkg.in/couchbase/gocb.v1/cluster_n1qlquery.go:398.2,398.19 1 0
gopkg.in/couchbase/gocb.v1/cluster_n1qlquery.go:414.2,414.13 1 0
gopkg.in/couchbase/gocb.v1/cluster_n1qlquery.go:419.2,422.12 3 0
gopkg.in/couchbase/gocb.v1/cluster_n1qlquery.go:426.2,430.23 4 0
gopkg.in/couchbase/gocb.v1/cluster_n1qlquery.go:459.2,463.16 3 0
gopkg.in/couchbase/gocb.v1/cluster_n1qlquery.go:468.2,484.87 10 0
gopkg.in/couchbase/gocb.v1/cluster_n1qlquery.go:338.14,340.17 2 0
gopkg.in/couchbase/gocb.v1/cluster_n1qlquery.go:344.3,344.36 1 0
gopkg.in/couchbase/gocb.v1/cluster_n1qlquery.go:349.3,350.20 2 0
gopkg.in/couchbase/gocb.v1/cluster_n1qlquery.go:340.17,342.4 1 0
gopkg.in/couchbase/gocb.v1/cluster_n1qlquery.go:344.36,346.4 1 0
gopkg.in/couchbase/gocb.v1/cluster_n1qlquery.go:346.9,348.4 1 0
gopkg.in/couchbase/gocb.v1/cluster_n1qlquery.go:350.20,356.18 2 0
gopkg.in/couchbase/gocb.v1/cluster_n1qlquery.go:356.18,358.5 1 0
gopkg.in/couchbase/gocb.v1/cluster_n1qlquery.go:359.9,366.4 1 0
gopkg.in/couchbase/gocb.v1/cluster_n1qlquery.go:367.8,368.20 1 0
gopkg.in/couchbase/gocb.v1/cluster_n1qlquery.go:372.3,373.17 2 0
gopkg.in/couchbase/gocb.v1/cluster_n1qlquery.go:377.3,378.17 2 0
gopkg.in/couchbase/gocb.v1/cluster_n1qlquery.go:382.3,389.17 4 0
gopkg.in/couchbase/gocb.v1/cluster_n1qlquery.go:368.20,369.80 1 0
gopkg.in/couchbase/gocb.v1/cluster_n1qlquery.go:373.17,375.4 1 0
gopkg.in/couchbase/gocb.v1/cluster_n1qlquery.go:378.17,380.4 1 0
gopkg.in/couchbase/gocb.v1/cluster_n1qlquery.go:389.17,391.4 1 0
gopkg.in/couchbase/gocb.v1/cluster_n1qlquery.go:395.30,397.3 1 0
gopkg.in/couchbase/gocb.v1/cluster_n1qlquery.go:398.19,400.14 2 0
gopkg.in/couchbase/gocb.v1/cluster_n1qlquery.go:400.14,402.4 1 0
gopkg.in/couchbase/gocb.v1/cluster_n1qlquery.go:402.9,404.13 2 0
gopkg.in/couchbase/gocb.v1/cluster_n1qlquery.go:404.13,405.37 1 0
gopkg.in/couchbase/gocb.v1/cluster_n1qlquery.go:405.37,407.6 1 0
gopkg.in/couchbase/gocb.v1/cluster_n1qlquery.go:408.10,409.44 1 0
gopkg.in/couchbase/gocb.v1/cluster_n1qlquery.go:414.13,416.3 1 0
gopkg.in/couchbase/gocb.v1/cluster_n1qlquery.go:422.12,424.3 1 0
gopkg.in/couchbase/gocb.v1/cluster_n1qlquery.go:430.23,440.17 6 0
gopkg.in/couchbase/gocb.v1/cluster_n1qlquery.go:445.3,450.17 3 0
gopkg.in/couchbase/gocb.v1/cluster_n1qlquery.go:453.3,453.81 1 0
gopkg.in/couchbase/gocb.v1/cluster_n1qlquery.go:440.17,443.4 2 0
gopkg.in/couchbase/gocb.v1/cluster_n1qlquery.go:450.17,452.4 1 0
gopkg.in/couchbase/gocb.v1/cluster_n1qlquery.go:453.81,455.4 1 0
gopkg.in/couchbase/gocb.v1/cluster_n1qlquery.go:463.16,466.3 2 0
gopkg.in/couchbase/gocb.v1/cluster_n1qlquery.go:488.92,494.2 3 0
gopkg.in/couchbase/gocb.v1/transcoding.go:25.86,29.43 2 1
gopkg.in/couchbase/gocb.v1/transcoding.go:34.2,34.38 1 1
gopkg.in/couchbase/gocb.v1/transcoding.go:64.2,64.46 1 0
gopkg.in/couchbase/gocb.v1/transcoding.go:29.43,31.3 1 0
gopkg.in/couchbase/gocb.v1/transcoding.go:34.38,35.33 1 0
gopkg.in/couchbase/gocb.v1/transcoding.go:36.16,38.14 2 0
gopkg.in/couchbase/gocb.v1/transcoding.go:39.21,41.14 2 0
gopkg.in/couchbase/gocb.v1/transcoding.go:42.11,43.77 1 0
gopkg.in/couchbase/gocb.v1/transcoding.go:45.8,45.45 1 1
gopkg.in/couchbase/gocb.v1/transcoding.go:45.45,46.33 1 1
gopkg.in/couchbase/gocb.v1/transcoding.go:47.16,49.14 2 1
gopkg.in/couchbase/gocb.v1/transcoding.go:50.21,52.14 2 1
gopkg.in/couchbase/gocb.v1/transcoding.go:53.11,54.75 1 0
gopkg.in/couchbase/gocb.v1/transcoding.go:56.8,56.43 1 1
gopkg.in/couchbase/gocb.v1/transcoding.go:56.43,58.17 2 1
gopkg.in/couchbase/gocb.v1/transcoding.go:61.3,61.13 1 1
gopkg.in/couchbase/gocb.v1/transcoding.go:58.17,60.4 1 1
gopkg.in/couchbase/gocb.v1/transcoding.go:68.78,73.35 4 1
gopkg.in/couchbase/gocb.v1/transcoding.go:98.2,98.26 1 1
gopkg.in/couchbase/gocb.v1/transcoding.go:74.14,76.82 2 0
gopkg.in/couchbase/gocb.v1/transcoding.go:77.15,79.82 2 0
gopkg.in/couchbase/gocb.v1/transcoding.go:80.14,82.82 2 1
gopkg.in/couchbase/gocb.v1/transcoding.go:83.15,85.82 2 1
gopkg.in/couchbase/gocb.v1/transcoding.go:86.20,87.30 1 0
gopkg.in/couchbase/gocb.v1/transcoding.go:88.10,90.17 2 1
gopkg.in/couchbase/gocb.v1/transcoding.go:93.3,93.80 1 1
gopkg.in/couchbase/gocb.v1/transcoding.go:90.17,92.4 1 0
gopkg.in/couchbase/gocb.v1/bucket_n1qlquery.go:8.91,14.2 3 0
gopkg.in/couchbase/gocb.v1/n1qlquery.go:27.68,28.45 1 0
gopkg.in/couchbase/gocb.v1/n1qlquery.go:31.2,31.25 1 0
gopkg.in/couchbase/gocb.v1/n1qlquery.go:40.2,40.11 1 0
gopkg.in/couchbase/gocb.v1/n1qlquery.go:28.45,29.66 1 0
gopkg.in/couchbase/gocb.v1/n1qlquery.go:31.25,33.3 1 0
gopkg.in/couchbase/gocb.v1/n1qlquery.go:33.8,33.33 1 0
gopkg.in/couchbase/gocb.v1/n1qlquery.go:33.33,35.3 1 0
gopkg.in/couchbase/gocb.v1/n1qlquery.go:35.8,35.35 1 0
gopkg.in/couchbase/gocb.v1/n1qlquery.go:35.35,37.3 1 0
gopkg.in/couchbase/gocb.v1/n1qlquery.go:37.8,38.41 1 0
gopkg.in/couchbase/gocb.v1/n1qlquery.go:44.70,45.49 1 0
gopkg.in/couchbase/gocb.v1/n1qlquery.go:48.2,50.11 3 0
gopkg.in/couchbase/gocb.v1/n1qlquery.go:45.49,46.66 1 0
gopkg.in/couchbase/gocb.v1/n1qlquery.go:54.51,57.2 2 0
gopkg.in/couchbase/gocb.v1/n1qlquery.go:60.71,63.2 2 0
gopkg.in/couchbase/gocb.v1/n1qlquery.go:68.54,71.2 2 0
gopkg.in/couchbase/gocb.v1/n1qlquery.go:75.66,78.2 2 0
gopkg.in/couchbase/gocb.v1/n1qlquery.go:82.62,85.2 2 0
gopkg.in/couchbase/gocb.v1/n1qlquery.go:89.57,92.2 2 0
gopkg.in/couchbase/gocb.v1/n1qlquery.go:95.72,98.2 2 0
gopkg.in/couchbase/gocb.v1/n1qlquery.go:101.64,104.2 2 0
gopkg.in/couchbase/gocb.v1/n1qlquery.go:107.48,114.2 3 0
gopkg.in/couchbase/gocb.v1/util.go:12.117,13.28 1 1
gopkg.in/couchbase/gocb.v1/util.go:19.2,20.42 2 1
gopkg.in/couchbase/gocb.v1/util.go:24.2,27.8 4 1
gopkg.in/couchbase/gocb.v1/util.go:13.28,17.3 2 0
gopkg.in/couchbase/gocb.v1/util.go:20.42,22.3 1 0
gopkg.in/couchbase/gocb.v1/clustermgr.go:65.46,67.2 1 0
gopkg.in/couchbase/gocb.v1/clustermgr.go:69.119,70.38 1 0
gopkg.in/couchbase/gocb.v1/clustermgr.go:74.2,76.16 3 0
gopkg.in/couchbase/gocb.v1/clustermgr.go:80.2,80.23 1 0
gopkg.in/couchbase/gocb.v1/clustermgr.go:83.2,83.44 1 0
gopkg.in/couchbase/gocb.v1/clustermgr.go:87.2,87.27 1 0
gopkg.in/couchbase/gocb.v1/clustermgr.go:70.38,71.61 1 0
gopkg.in/couchbase/gocb.v1/clustermgr.go:76.16,78.3 1 0
gopkg.in/couchbase/gocb.v1/clustermgr.go:80.23,82.3 1 0
gopkg.in/couchbase/gocb.v1/clustermgr.go:83.44,85.3 1 0
gopkg.in/couchbase/gocb.v1/clustermgr.go:90.71,99.40 2 0
gopkg.in/couchbase/gocb.v1/clustermgr.go:108.2,108.35 1 0
gopkg.in/couchbase/gocb.v1/clustermgr.go:111.2,111.17 1 0
gopkg.in/couchbase/gocb.v1/clustermgr.go:99.40,101.3 1 0
gopkg.in/couchbase/gocb.v1/clustermgr.go:101.8,101.49 1 0
gopkg.in/couchbase/gocb.v1/clustermgr.go:101.49,103.3 1 0
gopkg.in/couchbase/gocb.v1/clustermgr.go:103.8,103.49 1 0
gopkg.in/couchbase/gocb.v1/clustermgr.go:103.49,105.3 1 0
gopkg.in/couchbase/gocb.v1/clustermgr.go:105.8,106.44 1 0
gopkg.in/couchbase/gocb.v1/clustermgr.go:108.35,110.3 1 0
gopkg.in/couchbase/gocb.v1/clustermgr.go:115.67,117.16 2 0
gopkg.in/couchbase/gocb.v1/clustermgr.go:121.2,121.28 1 0
gopkg.in/couchbase/gocb.v1/clustermgr.go:133.2,136.16 4 0
gopkg.in/couchbase/gocb.v1/clustermgr.go:140.2,141.41 2 0
gopkg.in/couchbase/gocb.v1/clustermgr.go:145.2,145.21 1 0
gopkg.in/couchbase/gocb.v1/clustermgr.go:117.16,119.3 1 0
gopkg.in/couchbase/gocb.v1/clustermgr.go:121.28,123.17 2 0
gopkg.in/couchbase/gocb.v1/clustermgr.go:126.3,127.17 2 0
gopkg.in/couchbase/gocb.v1/clustermgr.go:130.3,130.40 1 0
gopkg.in/couchbase/gocb.v1/clustermgr.go:123.17,125.4 1 0
gopkg.in/couchbase/gocb.v1/clustermgr.go:127.17,129.4 1 0
gopkg.in/couchbase/gocb.v1/clustermgr.go:136.16,138.3 1 0
gopkg.in/couchbase/gocb.v1/clustermgr.go:141.41,143.3 1 0
gopkg.in/couchbase/gocb.v1/clustermgr.go:149.72,152.32 3 0
gopkg.in/couchbase/gocb.v1/clustermgr.go:161.2,161.27 1 0
gopkg.in/couchbase/gocb.v1/clustermgr.go:166.2,173.16 7 0
gopkg.in/couchbase/gocb.v1/clustermgr.go:177.2,177.28 1 0
gopkg.in/couchbase/gocb.v1/clustermgr.go:189.2,189.12 1 0
gopkg.in/couchbase/gocb.v1/clustermgr.go:152.32,154.3 1 0
gopkg.in/couchbase/gocb.v1/clustermgr.go:154.8,154.39 1 0
gopkg.in/couchbase/gocb.v1/clustermgr.go:154.39,156.3 1 0
gopkg.in/couchbase/gocb.v1/clustermgr.go:156.8,156.39 1 0
gopkg.in/couchbase/gocb.v1/clustermgr.go:156.39,158.3 1 0
gopkg.in/couchbase/gocb.v1/clustermgr.go:158.8,159.37 1 0
gopkg.in/couchbase/gocb.v1/clustermgr.go:161.27,163.3 1 0
gopkg.in/couchbase/gocb.v1/clustermgr.go:163.8,165.3 1 0
gopkg.in/couchbase/gocb.v1/clustermgr.go:173.16,175.3 1 0
gopkg.in/couchbase/gocb.v1/clustermgr.go:177.28,179.17 2 0
gopkg.in/couchbase/gocb.v1/clustermgr.go:182.3,183.17 2 0
gopkg.in/couchbase/gocb.v1/clustermgr.go:186.3,186.35 1 0
gopkg.in/couchbase/gocb.v1/clustermgr.go:179.17,181.4 1 0
gopkg.in/couchbase/gocb.v1/clustermgr.go:183.17,185.4 1 0
gopkg.in/couchbase/gocb.v1/clustermgr.go:193.72,196.2 1 0
gopkg.in/couchbase/gocb.v1/clustermgr.go:199.59,203.16 3 0
gopkg.in/couchbase/gocb.v1/clustermgr.go:207.2,207.28 1 0
gopkg.in/couchbase/gocb.v1/clustermgr.go:219.2,219.12 1 0
gopkg.in/couchbase/gocb.v1/clustermgr.go:203.16,205.3 1 0
gopkg.in/couchbase/gocb.v1/clustermgr.go:207.28,209.17 2 0
gopkg.in/couchbase/gocb.v1/clustermgr.go:212.3,213.17 2 0
gopkg.in/couchbase/gocb.v1/clustermgr.go:216.3,216.35 1 0
gopkg.in/couchbase/gocb.v1/clustermgr.go:209.17,211.4 1 0
gopkg.in/couchbase/gocb.v1/clustermgr.go:213.17,215.4 1 0
gopkg.in/couchbase/gocb.v1/clustermgr.go:273.49,278.42 5 0
gopkg.in/couchbase/gocb.v1/clustermgr.go:284.2,284.13 1 0
gopkg.in/couchbase/gocb.v1/clustermgr.go:278.42,283.3 1 0
gopkg.in/couchbase/gocb.v1/clustermgr.go:288.72,291.16 3 0
gopkg.in/couchbase/gocb.v1/clustermgr.go:295.2,295.53 1 0
gopkg.in/couchbase/gocb.v1/clustermgr.go:307.2,310.16 4 0
gopkg.in/couchbase/gocb.v1/clustermgr.go:314.2,315.37 2 0
gopkg.in/couchbase/gocb.v1/clustermgr.go:320.2,320.19 1 0
gopkg.in/couchbase/gocb.v1/clustermgr.go:291.16,293.3 1 0
gopkg.in/couchbase/gocb.v1/clustermgr.go:295.53,297.17 2 0
gopkg.in/couchbase/gocb.v1/clustermgr.go:300.3,301.17 2 0
gopkg.in/couchbase/gocb.v1/clustermgr.go:304.3,304.40 1 0
gopkg.in/couchbase/gocb.v1/clustermgr.go:297.17,299.4 1 0
gopkg.in/couchbase/gocb.v1/clustermgr.go:301.17,303.4 1 0
gopkg.in/couchbase/gocb.v1/clustermgr.go:310.16,312.3 1 0
gopkg.in/couchbase/gocb.v1/clustermgr.go:315.37,318.3 2 0
gopkg.in/couchbase/gocb.v1/clustermgr.go:324.82,327.16 3 0
gopkg.in/couchbase/gocb.v1/clustermgr.go:331.2,331.53 1 0
gopkg.in/couchbase/gocb.v1/clustermgr.go:343.2,346.16 4 0
gopkg.in/couchbase/gocb.v1/clustermgr.go:350.2,351.19 2 0
gopkg.in/couchbase/gocb.v1/clustermgr.go:327.16,329.3 1 0
gopkg.in/couchbase/gocb.v1/clustermgr.go:331.53,333.17 2 0
gopkg.in/couchbase/gocb.v1/clustermgr.go:336.3,337.17 2 0
gopkg.in/couchbase/gocb.v1/clustermgr.go:340.3,340.40 1 0
gopkg.in/couchbase/gocb.v1/clustermgr.go:333.17,335.4 1 0
gopkg.in/couchbase/gocb.v1/clustermgr.go:337.17,339.4 1 0
gopkg.in/couchbase/gocb.v1/clustermgr.go:346.16,348.3 1 0
gopkg.in/couchbase/gocb.v1/clustermgr.go:355.100,357.42 2 0
gopkg.in/couchbase/gocb.v1/clustermgr.go:361.2,369.16 8 0
gopkg.in/couchbase/gocb.v1/clustermgr.go:373.2,373.53 1 0
gopkg.in/couchbase/gocb.v1/clustermgr.go:385.2,385.12 1 0
gopkg.in/couchbase/gocb.v1/clustermgr.go:357.42,359.3 1 0
gopkg.in/couchbase/gocb.v1/clustermgr.go:369.16,371.3 1 0
gopkg.in/couchbase/gocb.v1/clustermgr.go:373.53,375.17 2 0
gopkg.in/couchbase/gocb.v1/clustermgr.go:378.3,379.17 2 0
gopkg.in/couchbase/gocb.v1/clustermgr.go:382.3,382.35 1 0
gopkg.in/couchbase/gocb.v1/clustermgr.go:375.17,377.4 1 0
gopkg.in/couchbase/gocb.v1/clustermgr.go:379.17,381.4 1 0
gopkg.in/couchbase/gocb.v1/clustermgr.go:389.76,392.16 3 0
gopkg.in/couchbase/gocb.v1/clustermgr.go:396.2,396.53 1 0
gopkg.in/couchbase/gocb.v1/clustermgr.go:408.2,408.12 1 0
gopkg.in/couchbase/gocb.v1/clustermgr.go:392.16,394.3 1 0
gopkg.in/couchbase/gocb.v1/clustermgr.go:396.53,398.17 2 0
gopkg.in/couchbase/gocb.v1/clustermgr.go:401.3,402.17 2 0
gopkg.in/couchbase/gocb.v1/clustermgr.go:405.3,405.35 1 0
gopkg.in/couchbase/gocb.v1/clustermgr.go:398.17,400.4 1 0
gopkg.in/couchbase/gocb.v1/clustermgr.go:402.17,404.4 1 0
gopkg.in/couchbase/gocb.v1/clustermgr.go:413.68,417.2 1 1
gopkg.in/couchbase/gocb.v1/bucket_crud.go:9.69,14.2 3 1
gopkg.in/couchbase/gocb.v1/bucket_crud.go:17.92,22.2 3 0
gopkg.in/couchbase/gocb.v1/bucket_crud.go:25.93,30.2 3 0
gopkg.in/couchbase/gocb.v1/bucket_crud.go:33.59,39.2 4 0
gopkg.in/couchbase/gocb.v1/bucket_crud.go:42.92,48.2 4 0
gopkg.in/couchbase/gocb.v1/bucket_crud.go:52.73,56.14 3 0
gopkg.in/couchbase/gocb.v1/bucket_crud.go:60.2,61.17 2 0
gopkg.in/couchbase/gocb.v1/bucket_crud.go:56.14,58.3 1 0
gopkg.in/couchbase/gocb.v1/bucket_crud.go:65.59,71.2 4 0
gopkg.in/couchbase/gocb.v1/bucket_crud.go:74.84,80.2 4 1
gopkg.in/couchbase/gocb.v1/bucket_crud.go:83.84,89.2 4 0
gopkg.in/couchbase/gocb.v1/bucket_crud.go:92.94,98.2 4 1
gopkg.in/couchbase/gocb.v1/bucket_crud.go:101.57,107.2 4 0
gopkg.in/couchbase/gocb.v1/bucket_crud.go:110.58,116.2 4 0
gopkg.in/couchbase/gocb.v1/bucket_crud.go:121.96,127.2 4 0
gopkg.in/couchbase/gocb.v1/bucket_crud.go:139.57,145.2 4 0
gopkg.in/couchbase/gocb.v1/bucket_crud.go:153.43,155.2 1 1
gopkg.in/couchbase/gocb.v1/bucket_crud.go:157.69,158.16 1 1
gopkg.in/couchbase/gocb.v1/bucket_crud.go:162.2,163.9 2 1
gopkg.in/couchbase/gocb.v1/bucket_crud.go:158.16,160.3 1 0
gopkg.in/couchbase/gocb.v1/bucket_crud.go:164.27,166.13 2 1
gopkg.in/couchbase/gocb.v1/bucket_crud.go:167.22,169.19 2 0
gopkg.in/couchbase/gocb.v1/bucket_crud.go:174.3,174.20 1 0
gopkg.in/couchbase/gocb.v1/bucket_crud.go:169.19,172.4 2 0
gopkg.in/couchbase/gocb.v1/bucket_crud.go:178.87,187.2 4 1
gopkg.in/couchbase/gocb.v1/bucket_crud.go:189.74,198.2 4 1
gopkg.in/couchbase/gocb.v1/bucket_crud.go:200.76,206.2 1 1
gopkg.in/couchbase/gocb.v1/bucket_crud.go:208.117,213.46 2 1
gopkg.in/couchbase/gocb.v1/bucket_crud.go:222.2,222.16 1 1
gopkg.in/couchbase/gocb.v1/bucket_crud.go:225.2,225.8 1 1
gopkg.in/couchbase/gocb.v1/bucket_crud.go:213.46,214.17 1 1
gopkg.in/couchbase/gocb.v1/bucket_crud.go:220.3,220.20 1 1
gopkg.in/couchbase/gocb.v1/bucket_crud.go:214.17,216.18 2 1
gopkg.in/couchbase/gocb.v1/bucket_crud.go:216.18,218.5 1 1
gopkg.in/couchbase/gocb.v1/bucket_crud.go:222.16,224.3 1 0
gopkg.in/couchbase/gocb.v1/bucket_crud.go:228.140,234.54 2 0
gopkg.in/couchbase/gocb.v1/bucket_crud.go:243.2,243.16 1 0
gopkg.in/couchbase/gocb.v1/bucket_crud.go:246.2,246.8 1 0
gopkg.in/couchbase/gocb.v1/bucket_crud.go:234.54,235.17 1 0
gopkg.in/couchbase/gocb.v1/bucket_crud.go:241.3,241.20 1 0
gopkg.in/couchbase/gocb.v1/bucket_crud.go:235.17,237.18 2 0
gopkg.in/couchbase/gocb.v1/bucket_crud.go:237.18,239.5 1 0
gopkg.in/couchbase/gocb.v1/bucket_crud.go:243.16,245.3 1 0
gopkg.in/couchbase/gocb.v1/bucket_crud.go:249.141,255.53 2 0
gopkg.in/couchbase/gocb.v1/bucket_crud.go:264.2,264.16 1 0
gopkg.in/couchbase/gocb.v1/bucket_crud.go:267.2,267.8 1 0
gopkg.in/couchbase/gocb.v1/bucket_crud.go:255.53,256.17 1 0
gopkg.in/couchbase/gocb.v1/bucket_crud.go:262.3,262.20 1 0
gopkg.in/couchbase/gocb.v1/bucket_crud.go:256.17,258.18 2 0
gopkg.in/couchbase/gocb.v1/bucket_crud.go:258.18,260.5 1 0
gopkg.in/couchbase/gocb.v1/bucket_crud.go:264.16,266.3 1 0
gopkg.in/couchbase/gocb.v1/bucket_crud.go:270.128,276.49 2 0
gopkg.in/couchbase/gocb.v1/bucket_crud.go:283.2,283.16 1 0
gopkg.in/couchbase/gocb.v1/bucket_crud.go:286.2,286.8 1 0
gopkg.in/couchbase/gocb.v1/bucket_crud.go:276.49,277.17 1 0
gopkg.in/couchbase/gocb.v1/bucket_crud.go:281.3,281.20 1 0
gopkg.in/couchbase/gocb.v1/bucket_crud.go:277.17,280.4 2 0
gopkg.in/couchbase/gocb.v1/bucket_crud.go:283.16,285.3 1 0
gopkg.in/couchbase/gocb.v1/bucket_crud.go:289.140,295.53 2 0
gopkg.in/couchbase/gocb.v1/bucket_crud.go:304.2,304.16 1 0
gopkg.in/couchbase/gocb.v1/bucket_crud.go:307.2,307.8 1 0
gopkg.in/couchbase/gocb.v1/bucket_crud.go:295.53,296.17 1 0
gopkg.in/couchbase/gocb.v1/bucket_crud.go:302.3,302.20 1 0
gopkg.in/couchbase/gocb.v1/bucket_crud.go:296.17,298.18 2 0
gopkg.in/couchbase/gocb.v1/bucket_crud.go:298.18,300.5 1 0
gopkg.in/couchbase/gocb.v1/bucket_crud.go:304.16,306.3 1 0
gopkg.in/couchbase/gocb.v1/bucket_crud.go:310.133,316.48 2 0
gopkg.in/couchbase/gocb.v1/bucket_crud.go:323.2,323.16 1 0
gopkg.in/couchbase/gocb.v1/bucket_crud.go:326.2,326.8 1 0
gopkg.in/couchbase/gocb.v1/bucket_crud.go:316.48,317.17 1 0
gopkg.in/couchbase/gocb.v1/bucket_crud.go:321.3,321.20 1 0
gopkg.in/couchbase/gocb.v1/bucket_crud.go:317.17,320.4 2 0
gopkg.in/couchbase/gocb.v1/bucket_crud.go:323.16,325.3 1 0
gopkg.in/couchbase/gocb.v1/bucket_crud.go:329.128,335.49 2 0
gopkg.in/couchbase/gocb.v1/bucket_crud.go:342.2,342.16 1 0
gopkg.in/couchbase/gocb.v1/bucket_crud.go:345.2,345.8 1 0
gopkg.in/couchbase/gocb.v1/bucket_crud.go:335.49,336.17 1 0
gopkg.in/couchbase/gocb.v1/bucket_crud.go:340.3,340.20 1 0
gopkg.in/couchbase/gocb.v1/bucket_crud.go:336.17,339.4 2 0
gopkg.in/couchbase/gocb.v1/bucket_crud.go:342.16,344.3 1 0
gopkg.in/couchbase/gocb.v1/bucket_crud.go:348.153,352.16 3 1
gopkg.in/couchbase/gocb.v1/bucket_crud.go:356.2,362.48 1 1
gopkg.in/couchbase/gocb.v1/bucket_crud.go:369.2,369.16 1 1
gopkg.in/couchbase/gocb.v1/bucket_crud.go:372.2,372.8 1 1
gopkg.in/couchbase/gocb.v1/bucket_crud.go:352.16,354.3 1 0
gopkg.in/couchbase/gocb.v1/bucket_crud.go:362.48,363.17 1 1
gopkg.in/couchbase/gocb.v1/bucket_crud.go:367.3,367.20 1 1
gopkg.in/couchbase/gocb.v1/bucket_crud.go:363.17,366.4 2 1
[...]
gopkg.in/couchbase/gocb.v1/bucket.go:76.32,78.2 1 1
gopkg.in/couchbase/gocb.v1/bucket.go:81.32,83.2 1 0
gopkg.in/couchbase/gocb.v1/bucket.go:86.51,88.2 1 0
gopkg.in/couchbase/gocb.v1/bucket.go:91.61,93.2 1 0
gopkg.in/couchbase/gocb.v1/bucket.go:96.55,98.2 1 0
gopkg.in/couchbase/gocb.v1/bucket.go:101.65,103.2 1 0
gopkg.in/couchbase/gocb.v1/bucket.go:106.52,108.2 1 0
gopkg.in/couchbase/gocb.v1/bucket.go:111.62,113.2 1 0
gopkg.in/couchbase/gocb.v1/bucket.go:116.56,118.2 1 0
gopkg.in/couchbase/gocb.v1/bucket.go:121.66,123.2 1 0
gopkg.in/couchbase/gocb.v1/bucket.go:126.80,128.2 1 0
gopkg.in/couchbase/gocb.v1/bucket.go:131.83,133.2 1 0
gopkg.in/couchbase/gocb.v1/bucket.go:136.46,138.2 1 0
gopkg.in/couchbase/gocb.v1/bucket.go:141.56,143.2 1 0
gopkg.in/couchbase/gocb.v1/bucket.go:146.46,148.2 1 0
gopkg.in/couchbase/gocb.v1/bucket.go:151.56,153.2 1 0
gopkg.in/couchbase/gocb.v1/bucket.go:156.51,158.2 1 0
gopkg.in/couchbase/gocb.v1/bucket.go:161.61,163.2 1 0
gopkg.in/couchbase/gocb.v1/bucket.go:167.55,169.2 1 0
gopkg.in/couchbase/gocb.v1/bucket.go:173.41,175.2 1 0
gopkg.in/couchbase/gocb.v1/bucket.go:181.46,183.23 2 0
gopkg.in/couchbase/gocb.v1/bucket.go:186.2,186.46 1 0
gopkg.in/couchbase/gocb.v1/bucket.go:183.23,185.3 1 0
gopkg.in/couchbase/gocb.v1/bucket.go:189.46,191.23 2 0
gopkg.in/couchbase/gocb.v1/bucket.go:194.2,194.46 1 0
gopkg.in/couchbase/gocb.v1/bucket.go:191.23,193.3 1 0
gopkg.in/couchbase/gocb.v1/bucket.go:197.46,199.23 2 1
gopkg.in/couchbase/gocb.v1/bucket.go:202.2,202.46 1 1
gopkg.in/couchbase/gocb.v1/bucket.go:199.23,201.3 1 0
gopkg.in/couchbase/gocb.v1/bucket.go:205.46,207.23 2 0
gopkg.in/couchbase/gocb.v1/bucket.go:210.2,210.46 1 0
gopkg.in/couchbase/gocb.v1/bucket.go:207.23,209.3 1 0
gopkg.in/couchbase/gocb.v1/bucket.go:213.45,215.22 2 0
gopkg.in/couchbase/gocb.v1/bucket.go:218.2,218.44 1 0
gopkg.in/couchbase/gocb.v1/bucket.go:215.22,217.3 1 0
gopkg.in/couchbase/gocb.v1/bucket.go:222.32,225.2 2 0
gopkg.in/couchbase/gocb.v1/bucket.go:228.45,230.2 1 0
gopkg.in/couchbase/gocb.v1/bucket.go:233.45,235.2 1 0
gopkg.in/couchbase/gocb.v1/bucket.go:238.68,244.2 1 0
gopkg.in/couchbase/gocb.v1/bucket_ping.go:14.52,15.17 1 0
gopkg.in/couchbase/gocb.v1/bucket_ping.go:29.2,29.12 1 0
gopkg.in/couchbase/gocb.v1/bucket_ping.go:16.19,17.14 1 0
gopkg.in/couchbase/gocb.v1/bucket_ping.go:18.19,19.16 1 0
gopkg.in/couchbase/gocb.v1/bucket_ping.go:20.19,21.16 1 0
gopkg.in/couchbase/gocb.v1/bucket_ping.go:22.19,23.16 1 0
gopkg.in/couchbase/gocb.v1/bucket_ping.go:24.18,25.15 1 0
gopkg.in/couchbase/gocb.v1/bucket_ping.go:26.19,27.16 1 0
gopkg.in/couchbase/gocb.v1/bucket_ping.go:59.57,67.42 2 0
gopkg.in/couchbase/gocb.v1/bucket_ping.go:75.2,75.34 1 0
gopkg.in/couchbase/gocb.v1/bucket_ping.go:67.42,73.3 2 0
gopkg.in/couchbase/gocb.v1/bucket_ping.go:78.74,81.63 2 1
gopkg.in/couchbase/gocb.v1/bucket_ping.go:92.2,92.16 1 1
gopkg.in/couchbase/gocb.v1/bucket_ping.go:96.2,97.9 2 1
gopkg.in/couchbase/gocb.v1/bucket_ping.go:81.63,83.38 2 1
gopkg.in/couchbase/gocb.v1/bucket_ping.go:90.3,90.17 1 1
gopkg.in/couchbase/gocb.v1/bucket_ping.go:83.38,85.43 1 1
gopkg.in/couchbase/gocb.v1/bucket_ping.go:88.4,88.28 1 1
gopkg.in/couchbase/gocb.v1/bucket_ping.go:85.43,87.5 1 0
gopkg.in/couchbase/gocb.v1/bucket_ping.go:92.16,94.3 1 0
gopkg.in/couchbase/gocb.v1/bucket_ping.go:98.16,100.9 2 1
gopkg.in/couchbase/gocb.v1/bucket_ping.go:101.22,103.19 2 0
gopkg.in/couchbase/gocb.v1/bucket_ping.go:107.3,107.25 1 0
gopkg.in/couchbase/gocb.v1/bucket_ping.go:103.19,106.4 2 0
gopkg.in/couchbase/gocb.v1/bucket_ping.go:115.68,121.21 5 1
gopkg.in/couchbase/gocb.v1/bucket_ping.go:130.2,130.84 1 1
gopkg.in/couchbase/gocb.v1/bucket_ping.go:175.2,175.39 1 1
gopkg.in/couchbase/gocb.v1/bucket_ping.go:301.2,301.35 1 1
gopkg.in/couchbase/gocb.v1/bucket_ping.go:305.2,305.20 1 1
gopkg.in/couchbase/gocb.v1/bucket_ping.go:121.21,128.3 1 0
gopkg.in/couchbase/gocb.v1/bucket_ping.go:130.84,139.17 6 1
gopkg.in/couchbase/gocb.v1/bucket_ping.go:143.3,144.29 2 1
gopkg.in/couchbase/gocb.v1/bucket_ping.go:160.3,161.17 2 1
gopkg.in/couchbase/gocb.v1/bucket_ping.go:165.3,166.17 2 1
gopkg.in/couchbase/gocb.v1/bucket_ping.go:170.3,172.26 2 1
gopkg.in/couchbase/gocb.v1/bucket_ping.go:139.17,141.4 1 0
gopkg.in/couchbase/gocb.v1/bucket_ping.go:144.29,145.37 1 1
gopkg.in/couchbase/gocb.v1/bucket_ping.go:145.37,147.5 1 0
gopkg.in/couchbase/gocb.v1/bucket_ping.go:147.10,149.5 1 1
gopkg.in/couchbase/gocb.v1/bucket_ping.go:150.9,150.35 1 0
gopkg.in/couchbase/gocb.v1/bucket_ping.go:150.35,151.35 1 0
gopkg.in/couchbase/gocb.v1/bucket_ping.go:151.35,153.5 1 0
gopkg.in/couchbase/gocb.v1/bucket_ping.go:153.10,155.5 1 0
gopkg.in/couchbase/gocb.v1/bucket_ping.go:156.9,156.36 1 0
gopkg.in/couchbase/gocb.v1/bucket_ping.go:156.36,158.4 1 0
gopkg.in/couchbase/gocb.v1/bucket_ping.go:161.17,163.4 1 0
gopkg.in/couchbase/gocb.v1/bucket_ping.go:166.17,168.4 1 0
gopkg.in/couchbase/gocb.v1/bucket_ping.go:175.39,176.22 1 1
gopkg.in/couchbase/gocb.v1/bucket_ping.go:177.20,179.14 2 1
gopkg.in/couchbase/gocb.v1/bucket_ping.go:209.20,209.20 0 1
gopkg.in/couchbase/gocb.v1/bucket_ping.go:211.20,213.14 2 1
gopkg.in/couchbase/gocb.v1/bucket_ping.go:240.19,242.14 2 0
gopkg.in/couchbase/gocb.v1/bucket_ping.go:269.20,271.14 2 0
gopkg.in/couchbase/gocb.v1/bucket_ping.go:179.14,181.19 2 1
gopkg.in/couchbase/gocb.v1/bucket_ping.go:187.5,193.32 2 1
gopkg.in/couchbase/gocb.v1/bucket_ping.go:206.5,207.18 2 1
gopkg.in/couchbase/gocb.v1/bucket_ping.go:181.19,185.6 3 0
gopkg.in/couchbase/gocb.v1/bucket_ping.go:193.32,195.27 2 1
gopkg.in/couchbase/gocb.v1/bucket_ping.go:199.6,204.8 1 1
gopkg.in/couchbase/gocb.v1/bucket_ping.go:195.27,197.7 1 0
gopkg.in/couchbase/gocb.v1/bucket_ping.go:213.14,217.19 3 1
gopkg.in/couchbase/gocb.v1/bucket_ping.go:221.5,222.19 2 1
gopkg.in/couchbase/gocb.v1/bucket_ping.go:236.5,238.18 2 1
gopkg.in/couchbase/gocb.v1/bucket_ping.go:217.19,219.6 1 1
gopkg.in/couchbase/gocb.v1/bucket_ping.go:222.19,228.6 1 0
gopkg.in/couchbase/gocb.v1/bucket_ping.go:228.11,235.6 1 1
gopkg.in/couchbase/gocb.v1/bucket_ping.go:242.14,246.19 3 0
gopkg.in/couchbase/gocb.v1/bucket_ping.go:250.5,251.19 2 0
gopkg.in/couchbase/gocb.v1/bucket_ping.go:265.5,267.18 2 0
gopkg.in/couchbase/gocb.v1/bucket_ping.go:246.19,248.6 1 0
gopkg.in/couchbase/gocb.v1/bucket_ping.go:251.19,257.6 1 0
gopkg.in/couchbase/gocb.v1/bucket_ping.go:257.11,264.6 1 0
gopkg.in/couchbase/gocb.v1/bucket_ping.go:271.14,275.19 3 0
gopkg.in/couchbase/gocb.v1/bucket_ping.go:279.5,280.19 2 0
gopkg.in/couchbase/gocb.v1/bucket_ping.go:294.5,296.18 2 0
gopkg.in/couchbase/gocb.v1/bucket_ping.go:275.19,277.6 1 0
gopkg.in/couchbase/gocb.v1/bucket_ping.go:280.19,286.6 1 0
gopkg.in/couchbase/gocb.v1/bucket_ping.go:286.11,293.6 1 0
gopkg.in/couchbase/gocb.v1/bucket_ping.go:301.35,303.3 1 1
gopkg.in/couchbase/gocb.v1/bucket_token.go:4.76,5.18 1 0
gopkg.in/couchbase/gocb.v1/bucket_token.go:9.2,12.43 3 0
gopkg.in/couchbase/gocb.v1/bucket_token.go:5.18,6.65 1 0
gopkg.in/couchbase/gocb.v1/bucket_token.go:16.101,17.18 1 0
gopkg.in/couchbase/gocb.v1/bucket_token.go:21.2,24.53 3 0
gopkg.in/couchbase/gocb.v1/bucket_token.go:17.18,18.65 1 0
gopkg.in/couchbase/gocb.v1/bucket_token.go:28.101,29.18 1 0
gopkg.in/couchbase/gocb.v1/bucket_token.go:33.2,36.53 3 0
gopkg.in/couchbase/gocb.v1/bucket_token.go:29.18,30.65 1 0
gopkg.in/couchbase/gocb.v1/bucket_token.go:40.111,41.18 1 0
gopkg.in/couchbase/gocb.v1/bucket_token.go:45.2,48.59 3 0
gopkg.in/couchbase/gocb.v1/bucket_token.go:41.18,42.65 1 0
gopkg.in/couchbase/gocb.v1/bucket_token.go:52.74,53.18 1 0
gopkg.in/couchbase/gocb.v1/bucket_token.go:57.2,60.45 3 0
gopkg.in/couchbase/gocb.v1/bucket_token.go:53.18,54.65 1 0
gopkg.in/couchbase/gocb.v1/bucket_token.go:64.75,65.18 1 0
gopkg.in/couchbase/gocb.v1/bucket_token.go:69.2,72.46 3 0
gopkg.in/couchbase/gocb.v1/bucket_token.go:65.18,66.65 1 0
gopkg.in/couchbase/gocb.v1/bucket_token.go:76.113,77.18 1 0
gopkg.in/couchbase/gocb.v1/bucket_token.go:81.2,84.63 3 0
gopkg.in/couchbase/gocb.v1/bucket_token.go:77.18,78.65 1 0
gopkg.in/couchbase/gocb.v1/cluster.go:62.52,64.16 2 1
gopkg.in/couchbase/gocb.v1/cluster.go:68.2,68.23 1 1
gopkg.in/couchbase/gocb.v1/cluster.go:72.2,72.50 1 1
gopkg.in/couchbase/gocb.v1/cluster.go:80.2,92.16 3 1
gopkg.in/couchbase/gocb.v1/cluster.go:96.2,97.56 2 1
gopkg.in/couchbase/gocb.v1/cluster.go:105.2,106.16 2 1
gopkg.in/couchbase/gocb.v1/cluster.go:111.2,130.51 5 1
gopkg.in/couchbase/gocb.v1/cluster.go:138.2,138.50 1 1
gopkg.in/couchbase/gocb.v1/cluster.go:146.2,146.56 1 1
gopkg.in/couchbase/gocb.v1/cluster.go:154.2,154.21 1 1
gopkg.in/couchbase/gocb.v1/cluster.go:64.16,66.3 1 1
gopkg.in/couchbase/gocb.v1/cluster.go:68.23,70.3 1 1
gopkg.in/couchbase/gocb.v1/cluster.go:72.50,74.25 2 1
gopkg.in/couchbase/gocb.v1/cluster.go:77.3,77.41 1 0
gopkg.in/couchbase/gocb.v1/cluster.go:74.25,76.4 1 1
gopkg.in/couchbase/gocb.v1/cluster.go:92.16,94.3 1 1
gopkg.in/couchbase/gocb.v1/cluster.go:97.56,99.17 2 0
gopkg.in/couchbase/gocb.v1/cluster.go:102.3,102.19 1 0
gopkg.in/couchbase/gocb.v1/cluster.go:99.17,101.4 1 0
gopkg.in/couchbase/gocb.v1/cluster.go:106.16,108.3 1 1
gopkg.in/couchbase/gocb.v1/cluster.go:108.8,110.3 1 0
gopkg.in/couchbase/gocb.v1/cluster.go:130.51,132.17 2 0
gopkg.in/couchbase/gocb.v1/cluster.go:135.3,135.62 1 0
gopkg.in/couchbase/gocb.v1/cluster.go:132.17,134.4 1 0
gopkg.in/couchbase/gocb.v1/cluster.go:138.50,140.17 2 0
gopkg.in/couchbase/gocb.v1/cluster.go:143.3,143.61 1 0
gopkg.in/couchbase/gocb.v1/cluster.go:140.17,142.4 1 0
gopkg.in/couchbase/gocb.v1/cluster.go:146.56,148.17 2 0
gopkg.in/couchbase/gocb.v1/cluster.go:151.3,151.67 1 0
gopkg.in/couchbase/gocb.v1/cluster.go:148.17,150.4 1 0
gopkg.in/couchbase/gocb.v1/cluster.go:159.56,160.33 1 0
gopkg.in/couchbase/gocb.v1/cluster.go:164.2,165.31 2 0
gopkg.in/couchbase/gocb.v1/cluster.go:160.33,162.3 1 0
gopkg.in/couchbase/gocb.v1/cluster.go:169.41,171.2 1 0
gopkg.in/couchbase/gocb.v1/cluster.go:174.51,176.2 1 0
gopkg.in/couchbase/gocb.v1/cluster.go:179.50,181.2 1 0
gopkg.in/couchbase/gocb.v1/cluster.go:184.60,186.2 1 0
gopkg.in/couchbase/gocb.v1/cluster.go:189.56,191.2 1 0
gopkg.in/couchbase/gocb.v1/cluster.go:194.66,196.2 1 0
gopkg.in/couchbase/gocb.v1/cluster.go:199.47,201.2 1 0
gopkg.in/couchbase/gocb.v1/cluster.go:204.57,206.2 1 0
gopkg.in/couchbase/gocb.v1/cluster.go:209.46,211.2 1 0
gopkg.in/couchbase/gocb.v1/cluster.go:214.56,216.2 1 0
gopkg.in/couchbase/gocb.v1/cluster.go:219.52,221.2 1 0
gopkg.in/couchbase/gocb.v1/cluster.go:224.62,226.2 1 0
gopkg.in/couchbase/gocb.v1/cluster.go:229.49,231.2 1 0
gopkg.in/couchbase/gocb.v1/cluster.go:234.57,236.2 1 0
gopkg.in/couchbase/gocb.v1/cluster.go:239.42,243.2 3 0
gopkg.in/couchbase/gocb.v1/cluster.go:246.33,251.28 2 0
gopkg.in/couchbase/gocb.v1/cluster.go:268.2,268.33 1 0
gopkg.in/couchbase/gocb.v1/cluster.go:273.2,273.19 1 0
gopkg.in/couchbase/gocb.v1/cluster.go:251.28,253.29 2 0
gopkg.in/couchbase/gocb.v1/cluster.go:258.3,262.69 4 0
gopkg.in/couchbase/gocb.v1/cluster.go:253.29,255.9 2 0
gopkg.in/couchbase/gocb.v1/cluster.go:262.69,265.4 2 0
gopkg.in/couchbase/gocb.v1/cluster.go:268.33,271.3 2 0
gopkg.in/couchbase/gocb.v1/cluster.go:276.105,279.21 3 1
gopkg.in/couchbase/gocb.v1/cluster.go:289.2,289.17 1 1
gopkg.in/couchbase/gocb.v1/cluster.go:307.2,316.13 5 1
gopkg.in/couchbase/gocb.v1/cluster.go:320.2,320.21 1 1
gopkg.in/couchbase/gocb.v1/cluster.go:279.21,280.18 1 0
gopkg.in/couchbase/gocb.v1/cluster.go:283.3,284.10 2 0
gopkg.in/couchbase/gocb.v1/cluster.go:280.18,282.4 1 0
gopkg.in/couchbase/gocb.v1/cluster.go:284.10,286.4 1 0
gopkg.in/couchbase/gocb.v1/cluster.go:289.17,297.3 3 1
gopkg.in/couchbase/gocb.v1/cluster.go:297.8,298.21 1 0
gopkg.in/couchbase/gocb.v1/cluster.go:301.3,302.29 2 0
gopkg.in/couchbase/gocb.v1/cluster.go:298.21,300.4 1 0
gopkg.in/couchbase/gocb.v1/cluster.go:302.29,304.4 1 0
gopkg.in/couchbase/gocb.v1/cluster.go:316.13,318.3 1 0
gopkg.in/couchbase/gocb.v1/cluster.go:324.58,327.2 2 0
gopkg.in/couchbase/gocb.v1/cluster.go:329.86,331.16 2 1
gopkg.in/couchbase/gocb.v1/cluster.go:335.2,336.16 2 1
gopkg.in/couchbase/gocb.v1/cluster.go:340.2,344.15 4 1
gopkg.in/couchbase/gocb.v1/cluster.go:331.16,333.3 1 0
gopkg.in/couchbase/gocb.v1/cluster.go:336.16,338.3 1 0
gopkg.in/couchbase/gocb.v1/cluster.go:348.72,350.2 1 1
gopkg.in/couchbase/gocb.v1/cluster.go:355.78,357.2 1 0
gopkg.in/couchbase/gocb.v1/cluster.go:359.47,361.33 2 0
gopkg.in/couchbase/gocb.v1/cluster.go:367.2,367.24 1 0
gopkg.in/couchbase/gocb.v1/cluster.go:361.33,362.18 1 0
gopkg.in/couchbase/gocb.v1/cluster.go:362.18,364.9 2 0
gopkg.in/couchbase/gocb.v1/cluster.go:371.70,373.47 2 1
gopkg.in/couchbase/gocb.v1/cluster.go:381.2,392.3 2 1
gopkg.in/couchbase/gocb.v1/cluster.go:373.47,374.37 1 1
gopkg.in/couchbase/gocb.v1/cluster.go:374.37,376.4 1 0
gopkg.in/couchbase/gocb.v1/cluster.go:376.9,378.4 1 1
gopkg.in/couchbase/gocb.v1/cluster.go:401.54,403.2 1 0
gopkg.in/couchbase/gocb.v1/cluster.go:406.102,408.16 2 0
gopkg.in/couchbase/gocb.v1/cluster.go:411.2,412.16 2 0
gopkg.in/couchbase/gocb.v1/cluster.go:416.2,418.8 1 0
gopkg.in/couchbase/gocb.v1/cluster.go:408.16,410.3 1 0
gopkg.in/couchbase/gocb.v1/cluster.go:412.16,414.3 1 0
gopkg.in/couchbase/gocb.v1/cluster.go:421.51,423.28 2 0
gopkg.in/couchbase/gocb.v1/cluster.go:427.2,429.20 3 0
gopkg.in/couchbase/gocb.v1/cluster.go:423.28,426.3 2 0
gopkg.in/couchbase/gocb.v1/queryretry_behaviour.go:18.76,20.2 1 1
gopkg.in/couchbase/gocb.v1/queryretry_behaviour.go:23.81,26.2 2 1
gopkg.in/couchbase/gocb.v1/queryretry_behaviour.go:38.153,45.2 1 1
gopkg.in/couchbase/gocb.v1/queryretry_behaviour.go:49.77,51.30 2 1
gopkg.in/couchbase/gocb.v1/queryretry_behaviour.go:55.2,55.17 1 1
gopkg.in/couchbase/gocb.v1/queryretry_behaviour.go:51.30,53.3 1 1
gopkg.in/couchbase/gocb.v1/queryretry_behaviour.go:59.64,61.2 1 1
gopkg.in/couchbase/gocb.v1/tracing.go:7.46,8.19 1 1
gopkg.in/couchbase/gocb.v1/tracing.go:11.2,13.9 1 1
gopkg.in/couchbase/gocb.v1/tracing.go:8.19,10.3 1 0
gopkg.in/couchbase/gocb.v1/tracing.go:13.9,15.3 1 1
gopkg.in/couchbase/gocb.v1/tracing.go:18.46,19.19 1 0
gopkg.in/couchbase/gocb.v1/tracing.go:22.2,24.9 1 0
gopkg.in/couchbase/gocb.v1/tracing.go:19.19,21.3 1 0
gopkg.in/couchbase/gocb.v1/tracing.go:24.9,26.3 1 0
gopkg.in/couchbase/gocb.v1/version.go:4.23,6.2 1 1
gopkg.in/couchbase/gocb.v1/bucket_ds.go:6.78,11.16 4 1
gopkg.in/couchbase/gocb.v1/bucket_ds.go:14.2,15.16 2 1
gopkg.in/couchbase/gocb.v1/bucket_ds.go:18.2,18.24 1 1
gopkg.in/couchbase/gocb.v1/bucket_ds.go:11.16,13.3 1 0
gopkg.in/couchbase/gocb.v1/bucket_ds.go:15.16,17.3 1 0
gopkg.in/couchbase/gocb.v1/bucket_ds.go:22.59,27.16 4 1
gopkg.in/couchbase/gocb.v1/bucket_ds.go:30.2,30.24 1 1
gopkg.in/couchbase/gocb.v1/bucket_ds.go:27.16,29.3 1 0
gopkg.in/couchbase/gocb.v1/bucket_ds.go:35.57,38.16 3 1
gopkg.in/couchbase/gocb.v1/bucket_ds.go:42.2,42.41 1 1
gopkg.in/couchbase/gocb.v1/bucket_ds.go:38.16,40.3 1 0
gopkg.in/couchbase/gocb.v1/bucket_ds.go:46.91,47.6 1 1
gopkg.in/couchbase/gocb.v1/bucket_ds.go:47.6,50.17 2 1
gopkg.in/couchbase/gocb.v1/bucket_ds.go:66.3,66.25 1 1
gopkg.in/couchbase/gocb.v1/bucket_ds.go:50.17,51.44 1 0
gopkg.in/couchbase/gocb.v1/bucket_ds.go:64.4,64.17 1 0
gopkg.in/couchbase/gocb.v1/bucket_ds.go:51.44,55.19 4 0
gopkg.in/couchbase/gocb.v1/bucket_ds.go:62.5,62.20 1 0
gopkg.in/couchbase/gocb.v1/bucket_ds.go:55.19,56.31 1 0
gopkg.in/couchbase/gocb.v1/bucket_ds.go:60.6,60.19 1 0
gopkg.in/couchbase/gocb.v1/bucket_ds.go:56.31,57.15 1 0
gopkg.in/couchbase/gocb.v1/bucket_ds.go:71.85,73.16 2 1
gopkg.in/couchbase/gocb.v1/bucket_ds.go:76.2,77.16 2 1
gopkg.in/couchbase/gocb.v1/bucket_ds.go:80.2,80.24 1 1
gopkg.in/couchbase/gocb.v1/bucket_ds.go:73.16,75.3 1 0
gopkg.in/couchbase/gocb.v1/bucket_ds.go:77.16,79.3 1 0
gopkg.in/couchbase/gocb.v1/bucket_ds.go:84.90,85.6 1 1
gopkg.in/couchbase/gocb.v1/bucket_ds.go:85.6,87.17 2 1
gopkg.in/couchbase/gocb.v1/bucket_ds.go:103.3,103.25 1 1
gopkg.in/couchbase/gocb.v1/bucket_ds.go:87.17,88.45 1 0
gopkg.in/couchbase/gocb.v1/bucket_ds.go:101.4,101.17 1 0
gopkg.in/couchbase/gocb.v1/bucket_ds.go:88.45,92.19 4 0
gopkg.in/couchbase/gocb.v1/bucket_ds.go:99.5,99.20 1 0
gopkg.in/couchbase/gocb.v1/bucket_ds.go:92.19,93.31 1 0
gopkg.in/couchbase/gocb.v1/bucket_ds.go:97.6,97.19 1 0
gopkg.in/couchbase/gocb.v1/bucket_ds.go:93.31,94.15 1 0
gopkg.in/couchbase/gocb.v1/bucket_ds.go:108.91,109.6 1 1
gopkg.in/couchbase/gocb.v1/bucket_ds.go:109.6,111.17 2 1
gopkg.in/couchbase/gocb.v1/bucket_ds.go:127.3,127.25 1 1
gopkg.in/couchbase/gocb.v1/bucket_ds.go:111.17,112.45 1 0
gopkg.in/couchbase/gocb.v1/bucket_ds.go:125.4,125.17 1 0
gopkg.in/couchbase/gocb.v1/bucket_ds.go:112.45,116.19 4 0
gopkg.in/couchbase/gocb.v1/bucket_ds.go:123.5,123.20 1 0
gopkg.in/couchbase/gocb.v1/bucket_ds.go:116.19,117.31 1 0
gopkg.in/couchbase/gocb.v1/bucket_ds.go:121.6,121.19 1 0
gopkg.in/couchbase/gocb.v1/bucket_ds.go:117.31,118.15 1 0
gopkg.in/couchbase/gocb.v1/bucket_ds.go:132.66,134.16 2 1
gopkg.in/couchbase/gocb.v1/bucket_ds.go:137.2,137.24 1 1
gopkg.in/couchbase/gocb.v1/bucket_ds.go:134.16,136.3 1 0
gopkg.in/couchbase/gocb.v1/bucket_ds.go:141.82,143.16 2 1
gopkg.in/couchbase/gocb.v1/bucket_ds.go:146.2,146.24 1 1
gopkg.in/couchbase/gocb.v1/bucket_ds.go:143.16,145.3 1 0
gopkg.in/couchbase/gocb.v1/bucket_ds.go:151.58,154.16 3 1
gopkg.in/couchbase/gocb.v1/bucket_ds.go:158.2,158.42 1 1
gopkg.in/couchbase/gocb.v1/bucket_ds.go:154.16,156.3 1 0
gopkg.in/couchbase/gocb.v1/bucket_ds.go:162.85,163.6 1 1
gopkg.in/couchbase/gocb.v1/bucket_ds.go:163.6,165.17 2 1
gopkg.in/couchbase/gocb.v1/bucket_ds.go:181.3,181.25 1 1
gopkg.in/couchbase/gocb.v1/bucket_ds.go:165.17,166.44 1 0
gopkg.in/couchbase/gocb.v1/bucket_ds.go:179.4,179.17 1 0
gopkg.in/couchbase/gocb.v1/bucket_ds.go:166.44,170.19 4 0
gopkg.in/couchbase/gocb.v1/bucket_ds.go:177.5,177.20 1 0
gopkg.in/couchbase/gocb.v1/bucket_ds.go:170.19,171.31 1 0
gopkg.in/couchbase/gocb.v1/bucket_ds.go:175.6,175.19 1 0
gopkg.in/couchbase/gocb.v1/bucket_ds.go:171.31,172.15 1 0
gopkg.in/couchbase/gocb.v1/bucket_ds.go:187.78,190.16 3 1
gopkg.in/couchbase/gocb.v1/bucket_ds.go:194.2,194.35 1 1
gopkg.in/couchbase/gocb.v1/bucket_ds.go:200.2,200.22 1 1
gopkg.in/couchbase/gocb.v1/bucket_ds.go:190.16,192.3 1 0
gopkg.in/couchbase/gocb.v1/bucket_ds.go:194.35,195.20 1 1
gopkg.in/couchbase/gocb.v1/bucket_ds.go:195.20,197.4 1 1
gopkg.in/couchbase/gocb.v1/bucket_ds.go:205.57,208.16 3 1
gopkg.in/couchbase/gocb.v1/bucket_ds.go:212.2,212.41 1 1
gopkg.in/couchbase/gocb.v1/bucket_ds.go:208.16,210.3 1 0
gopkg.in/couchbase/gocb.v1/bucket_ds.go:218.72,219.6 1 1
gopkg.in/couchbase/gocb.v1/bucket_ds.go:219.6,222.17 3 1
gopkg.in/couchbase/gocb.v1/bucket_ds.go:226.3,228.36 3 1
gopkg.in/couchbase/gocb.v1/bucket_ds.go:236.3,236.17 1 1
gopkg.in/couchbase/gocb.v1/bucket_ds.go:240.3,241.17 2 1
gopkg.in/couchbase/gocb.v1/bucket_ds.go:250.3,250.18 1 1
gopkg.in/couchbase/gocb.v1/bucket_ds.go:222.17,224.4 1 0
gopkg.in/couchbase/gocb.v1/bucket_ds.go:228.36,229.21 1 1
gopkg.in/couchbase/gocb.v1/bucket_ds.go:229.21,231.5 1 1
gopkg.in/couchbase/gocb.v1/bucket_ds.go:231.10,233.5 1 1
gopkg.in/couchbase/gocb.v1/bucket_ds.go:236.17,238.4 1 0
gopkg.in/couchbase/gocb.v1/bucket_ds.go:241.17,242.29 1 0
gopkg.in/couchbase/gocb.v1/bucket_ds.go:247.4,247.17 1 0
gopkg.in/couchbase/gocb.v1/bucket_ds.go:242.29,244.13 1 0
gopkg.in/couchbase/gocb.v1/bucket_ds.go:255.90,257.2 1 1
gopkg.in/couchbase/gocb.v1/bucket_ds.go:260.74,261.6 1 1
gopkg.in/couchbase/gocb.v1/bucket_ds.go:261.6,263.17 2 1
gopkg.in/couchbase/gocb.v1/bucket_ds.go:267.3,268.17 2 1
gopkg.in/couchbase/gocb.v1/bucket_ds.go:277.3,278.17 2 1
gopkg.in/couchbase/gocb.v1/bucket_ds.go:282.3,282.27 1 1
gopkg.in/couchbase/gocb.v1/bucket_ds.go:263.17,265.4 1 0
gopkg.in/couchbase/gocb.v1/bucket_ds.go:268.17,269.29 1 0
gopkg.in/couchbase/gocb.v1/bucket_ds.go:274.4,274.17 1 0
gopkg.in/couchbase/gocb.v1/bucket_ds.go:269.29,271.13 1 0
gopkg.in/couchbase/gocb.v1/bucket_ds.go:278.17,280.4 1 0
gopkg.in/couchbase/gocb.v1/bucket_ds.go:287.59,290.16 3 1
gopkg.in/couchbase/gocb.v1/bucket_ds.go:294.2,294.43 1 1
gopkg.in/couchbase/gocb.v1/bucket_ds.go:290.16,292.3 1 0
